{"meta": {"format": 3, "version": "7.11.3", "timestamp": "2025-11-11T22:59:12.138710", "branch_coverage": false, "show_contexts": false}, "files": {"src/cbh_retrieval/__init__.py": {"executed_lines": [], "summary": {"covered_lines": 0, "num_statements": 12, "percent_covered": 0.0, "percent_covered_display": "0.00", "missing_lines": 12, "excluded_lines": 0}, "missing_lines": [11, 12, 16, 23, 28, 29, 30, 33, 36, 43, 46, 51], "excluded_lines": [], "functions": {"": {"executed_lines": [], "summary": {"covered_lines": 0, "num_statements": 12, "percent_covered": 0.0, "percent_covered_display": "0.00", "missing_lines": 12, "excluded_lines": 0}, "missing_lines": [11, 12, 16, 23, 28, 29, 30, 33, 36, 43, 46, 51], "excluded_lines": []}}, "classes": {"": {"executed_lines": [], "summary": {"covered_lines": 0, "num_statements": 12, "percent_covered": 0.0, "percent_covered_display": "0.00", "missing_lines": 12, "excluded_lines": 0}, "missing_lines": [11, 12, 16, 23, 28, 29, 30, 33, 36, 43, 46, 51], "excluded_lines": []}}}, "src/cbh_retrieval/ablation_plots.py": {"executed_lines": [], "summary": {"covered_lines": 0, "num_statements": 221, "percent_covered": 0.0, "percent_covered_display": "0.00", "missing_lines": 221, "excluded_lines": 2}, "missing_lines": [17, 18, 19, 21, 22, 23, 24, 27, 28, 30, 31, 32, 33, 36, 37, 40, 43, 45, 46, 47, 50, 51, 52, 54, 56, 59, 61, 62, 63, 66, 67, 68, 71, 72, 73, 74, 77, 89, 90, 91, 92, 94, 97, 99, 100, 112, 113, 114, 115, 116, 122, 125, 127, 131, 133, 136, 139, 142, 144, 145, 148, 150, 151, 152, 155, 156, 159, 171, 172, 174, 175, 176, 178, 181, 182, 183, 185, 186, 189, 192, 193, 197, 198, 200, 210, 215, 216, 225, 226, 227, 228, 230, 231, 237, 240, 241, 242, 246, 256, 259, 264, 269, 271, 272, 275, 277, 278, 279, 282, 292, 293, 296, 298, 301, 303, 304, 305, 306, 307, 316, 317, 318, 319, 321, 322, 323, 324, 333, 334, 336, 339, 340, 341, 344, 355, 356, 357, 358, 367, 370, 371, 374, 375, 377, 380, 381, 382, 384, 385, 388, 390, 391, 392, 395, 398, 403, 405, 412, 413, 414, 415, 416, 417, 420, 421, 432, 433, 435, 443, 446, 447, 448, 449, 450, 453, 454, 456, 464, 467, 468, 469, 470, 471, 472, 475, 476, 478, 481, 489, 490, 491, 492, 493, 495, 501, 504, 507, 510, 512, 513, 516, 518, 521, 522, 523, 524, 527, 530, 531, 532, 533, 535, 536, 537, 538, 539, 540, 541, 542, 543, 544], "excluded_lines": [547, 548], "functions": {"load_validation_results": {"executed_lines": [], "summary": {"covered_lines": 0, "num_statements": 8, "percent_covered": 0.0, "percent_covered_display": "0.00", "missing_lines": 8, "excluded_lines": 0}, "missing_lines": [45, 46, 47, 50, 51, 52, 54, 56], "excluded_lines": []}, "plot_feature_importance_detailed": {"executed_lines": [], "summary": {"covered_lines": 0, "num_statements": 34, "percent_covered": 0.0, "percent_covered_display": "0.00", "missing_lines": 34, "excluded_lines": 0}, "missing_lines": [61, 62, 63, 66, 67, 68, 71, 72, 73, 74, 77, 89, 90, 91, 92, 94, 97, 99, 100, 112, 113, 114, 115, 116, 122, 125, 127, 131, 133, 136, 139, 142, 144, 145], "excluded_lines": []}, "plot_feature_group_comparison": {"executed_lines": [], "summary": {"covered_lines": 0, "num_statements": 43, "percent_covered": 0.0, "percent_covered_display": "0.00", "missing_lines": 43, "excluded_lines": 0}, "missing_lines": [150, 151, 152, 155, 156, 159, 171, 172, 174, 175, 176, 178, 181, 182, 183, 185, 186, 189, 192, 193, 197, 198, 200, 210, 215, 216, 225, 226, 227, 228, 230, 231, 237, 240, 241, 242, 246, 256, 259, 264, 269, 271, 272], "excluded_lines": []}, "plot_model_evolution": {"executed_lines": [], "summary": {"covered_lines": 0, "num_statements": 44, "percent_covered": 0.0, "percent_covered_display": "0.00", "missing_lines": 44, "excluded_lines": 0}, "missing_lines": [277, 278, 279, 282, 292, 293, 296, 298, 301, 303, 304, 305, 306, 307, 316, 317, 318, 319, 321, 322, 323, 324, 333, 334, 336, 339, 340, 341, 344, 355, 356, 357, 358, 367, 370, 371, 374, 375, 377, 380, 381, 382, 384, 385], "excluded_lines": []}, "plot_ablation_studies": {"executed_lines": [], "summary": {"covered_lines": 0, "num_statements": 50, "percent_covered": 0.0, "percent_covered_display": "0.00", "missing_lines": 50, "excluded_lines": 0}, "missing_lines": [390, 391, 392, 395, 398, 403, 405, 412, 413, 414, 415, 416, 417, 420, 421, 432, 433, 435, 443, 446, 447, 448, 449, 450, 453, 454, 456, 464, 467, 468, 469, 470, 471, 472, 475, 476, 478, 481, 489, 490, 491, 492, 493, 495, 501, 504, 507, 510, 512, 513], "excluded_lines": []}, "main": {"executed_lines": [], "summary": {"covered_lines": 0, "num_statements": 20, "percent_covered": 0.0, "percent_covered_display": "0.00", "missing_lines": 20, "excluded_lines": 0}, "missing_lines": [518, 521, 522, 523, 524, 527, 530, 531, 532, 533, 535, 536, 537, 538, 539, 540, 541, 542, 543, 544], "excluded_lines": []}, "": {"executed_lines": [], "summary": {"covered_lines": 0, "num_statements": 22, "percent_covered": 0.0, "percent_covered_display": "0.00", "missing_lines": 22, "excluded_lines": 2}, "missing_lines": [17, 18, 19, 21, 22, 23, 24, 27, 28, 30, 31, 32, 33, 36, 37, 40, 43, 59, 148, 275, 388, 516], "excluded_lines": [547, 548]}}, "classes": {"": {"executed_lines": [], "summary": {"covered_lines": 0, "num_statements": 221, "percent_covered": 0.0, "percent_covered_display": "0.00", "missing_lines": 221, "excluded_lines": 2}, "missing_lines": [17, 18, 19, 21, 22, 23, 24, 27, 28, 30, 31, 32, 33, 36, 37, 40, 43, 45, 46, 47, 50, 51, 52, 54, 56, 59, 61, 62, 63, 66, 67, 68, 71, 72, 73, 74, 77, 89, 90, 91, 92, 94, 97, 99, 100, 112, 113, 114, 115, 116, 122, 125, 127, 131, 133, 136, 139, 142, 144, 145, 148, 150, 151, 152, 155, 156, 159, 171, 172, 174, 175, 176, 178, 181, 182, 183, 185, 186, 189, 192, 193, 197, 198, 200, 210, 215, 216, 225, 226, 227, 228, 230, 231, 237, 240, 241, 242, 246, 256, 259, 264, 269, 271, 272, 275, 277, 278, 279, 282, 292, 293, 296, 298, 301, 303, 304, 305, 306, 307, 316, 317, 318, 319, 321, 322, 323, 324, 333, 334, 336, 339, 340, 341, 344, 355, 356, 357, 358, 367, 370, 371, 374, 375, 377, 380, 381, 382, 384, 385, 388, 390, 391, 392, 395, 398, 403, 405, 412, 413, 414, 415, 416, 417, 420, 421, 432, 433, 435, 443, 446, 447, 448, 449, 450, 453, 454, 456, 464, 467, 468, 469, 470, 471, 472, 475, 476, 478, 481, 489, 490, 491, 492, 493, 495, 501, 504, 507, 510, 512, 513, 516, 518, 521, 522, 523, 524, 527, 530, 531, 532, 533, 535, 536, 537, 538, 539, 540, 541, 542, 543, 544], "excluded_lines": [547, 548]}}}, "src/cbh_retrieval/analytical_optimization.py": {"executed_lines": [], "summary": {"covered_lines": 0, "num_statements": 213, "percent_covered": 0.0, "percent_covered_display": "0.00", "missing_lines": 213, "excluded_lines": 0}, "missing_lines": [19, 20, 21, 23, 24, 25, 26, 27, 29, 30, 31, 32, 33, 34, 35, 36, 39, 40, 41, 44, 45, 46, 48, 49, 52, 53, 54, 55, 56, 57, 59, 60, 61, 62, 63, 64, 65, 68, 69, 70, 71, 72, 73, 75, 76, 77, 80, 81, 82, 83, 84, 85, 87, 88, 89, 90, 91, 92, 95, 96, 99, 101, 102, 103, 104, 108, 109, 110, 113, 114, 115, 116, 117, 119, 120, 121, 122, 123, 126, 127, 128, 130, 131, 139, 140, 141, 142, 144, 145, 146, 148, 149, 150, 153, 154, 157, 158, 160, 163, 164, 165, 166, 168, 169, 170, 171, 172, 174, 175, 176, 177, 179, 180, 181, 182, 183, 186, 187, 188, 189, 191, 192, 193, 194, 195, 196, 198, 199, 200, 201, 203, 204, 205, 206, 207, 210, 211, 214, 215, 216, 217, 219, 220, 221, 222, 225, 226, 229, 242, 243, 245, 246, 247, 249, 250, 251, 253, 254, 255, 258, 259, 262, 310, 311, 312, 313, 316, 317, 318, 319, 320, 321, 322, 323, 326, 328, 329, 331, 332, 334, 335, 336, 339, 340, 341, 342, 343, 347, 350, 372, 373, 374, 376, 377, 380, 381, 382, 383, 384, 385, 386, 388, 389, 393, 394, 395, 396, 397, 398, 399, 400, 402, 403], "excluded_lines": [], "functions": {"objective_weights": {"executed_lines": [], "summary": {"covered_lines": 0, "num_statements": 4, "percent_covered": 0.0, "percent_covered_display": "0.00", "missing_lines": 4, "excluded_lines": 0}, "missing_lines": [101, 102, 103, 104], "excluded_lines": []}, "": {"executed_lines": [], "summary": {"covered_lines": 0, "num_statements": 209, "percent_covered": 0.0, "percent_covered_display": "0.00", "missing_lines": 209, "excluded_lines": 0}, "missing_lines": [19, 20, 21, 23, 24, 25, 26, 27, 29, 30, 31, 32, 33, 34, 35, 36, 39, 40, 41, 44, 45, 46, 48, 49, 52, 53, 54, 55, 56, 57, 59, 60, 61, 62, 63, 64, 65, 68, 69, 70, 71, 72, 73, 75, 76, 77, 80, 81, 82, 83, 84, 85, 87, 88, 89, 90, 91, 92, 95, 96, 99, 108, 109, 110, 113, 114, 115, 116, 117, 119, 120, 121, 122, 123, 126, 127, 128, 130, 131, 139, 140, 141, 142, 144, 145, 146, 148, 149, 150, 153, 154, 157, 158, 160, 163, 164, 165, 166, 168, 169, 170, 171, 172, 174, 175, 176, 177, 179, 180, 181, 182, 183, 186, 187, 188, 189, 191, 192, 193, 194, 195, 196, 198, 199, 200, 201, 203, 204, 205, 206, 207, 210, 211, 214, 215, 216, 217, 219, 220, 221, 222, 225, 226, 229, 242, 243, 245, 246, 247, 249, 250, 251, 253, 254, 255, 258, 259, 262, 310, 311, 312, 313, 316, 317, 318, 319, 320, 321, 322, 323, 326, 328, 329, 331, 332, 334, 335, 336, 339, 340, 341, 342, 343, 347, 350, 372, 373, 374, 376, 377, 380, 381, 382, 383, 384, 385, 386, 388, 389, 393, 394, 395, 396, 397, 398, 399, 400, 402, 403], "excluded_lines": []}}, "classes": {"": {"executed_lines": [], "summary": {"covered_lines": 0, "num_statements": 213, "percent_covered": 0.0, "percent_covered_display": "0.00", "missing_lines": 213, "excluded_lines": 0}, "missing_lines": [19, 20, 21, 23, 24, 25, 26, 27, 29, 30, 31, 32, 33, 34, 35, 36, 39, 40, 41, 44, 45, 46, 48, 49, 52, 53, 54, 55, 56, 57, 59, 60, 61, 62, 63, 64, 65, 68, 69, 70, 71, 72, 73, 75, 76, 77, 80, 81, 82, 83, 84, 85, 87, 88, 89, 90, 91, 92, 95, 96, 99, 101, 102, 103, 104, 108, 109, 110, 113, 114, 115, 116, 117, 119, 120, 121, 122, 123, 126, 127, 128, 130, 131, 139, 140, 141, 142, 144, 145, 146, 148, 149, 150, 153, 154, 157, 158, 160, 163, 164, 165, 166, 168, 169, 170, 171, 172, 174, 175, 176, 177, 179, 180, 181, 182, 183, 186, 187, 188, 189, 191, 192, 193, 194, 195, 196, 198, 199, 200, 201, 203, 204, 205, 206, 207, 210, 211, 214, 215, 216, 217, 219, 220, 221, 222, 225, 226, 229, 242, 243, 245, 246, 247, 249, 250, 251, 253, 254, 255, 258, 259, 262, 310, 311, 312, 313, 316, 317, 318, 319, 320, 321, 322, 323, 326, 328, 329, 331, 332, 334, 335, 336, 339, 340, 341, 342, 343, 347, 350, 372, 373, 374, 376, 377, 380, 381, 382, 383, 384, 385, 386, 388, 389, 393, 394, 395, 396, 397, 398, 399, 400, 402, 403], "excluded_lines": []}}}, "src/cbh_retrieval/analyze_ensemble_results.py": {"executed_lines": [], "summary": {"covered_lines": 0, "num_statements": 266, "percent_covered": 0.0, "percent_covered_display": "0.00", "missing_lines": 266, "excluded_lines": 2}, "missing_lines": [7, 8, 9, 10, 12, 13, 14, 15, 18, 19, 22, 25, 27, 28, 29, 30, 33, 34, 37, 38, 40, 43, 46, 47, 50, 51, 52, 55, 56, 57, 59, 62, 63, 66, 69, 139, 141, 143, 144, 146, 147, 156, 163, 165, 167, 170, 173, 176, 179, 182, 185, 187, 189, 191, 193, 194, 201, 208, 215, 223, 226, 227, 236, 244, 245, 248, 249, 250, 253, 254, 255, 265, 274, 275, 278, 279, 282, 283, 284, 293, 294, 299, 303, 304, 306, 308, 309, 310, 313, 314, 315, 316, 317, 319, 321, 322, 323, 326, 334, 338, 347, 348, 349, 350, 351, 352, 354, 355, 358, 359, 360, 362, 365, 366, 367, 368, 370, 371, 372, 373, 374, 376, 377, 378, 379, 381, 383, 389, 390, 395, 396, 397, 406, 407, 409, 410, 411, 416, 417, 419, 420, 425, 428, 429, 431, 434, 435, 436, 437, 439, 440, 441, 442, 443, 445, 446, 447, 448, 450, 453, 454, 455, 458, 459, 460, 461, 462, 463, 466, 467, 474, 475, 476, 477, 479, 480, 481, 484, 486, 487, 492, 495, 496, 498, 500, 501, 503, 504, 506, 507, 509, 512, 513, 514, 516, 525, 535, 536, 537, 538, 539, 540, 541, 542, 545, 546, 548, 557, 559, 560, 565, 568, 569, 571, 573, 575, 577, 578, 585, 587, 589, 590, 592, 593, 596, 601, 604, 605, 606, 607, 617, 618, 623, 626, 627, 629, 631, 632, 633, 634, 636, 639, 717, 718, 719, 720, 723, 725, 726, 727, 730, 733, 736, 737, 738, 741, 744, 745, 748, 749, 750, 751, 754, 755, 756, 759], "excluded_lines": [762, 763], "functions": {"EnsembleAnalyzer.__init__": {"executed_lines": [], "summary": {"covered_lines": 0, "num_statements": 8, "percent_covered": 0.0, "percent_covered_display": "0.00", "missing_lines": 8, "excluded_lines": 0}, "missing_lines": [27, 28, 29, 30, 33, 34, 37, 38], "excluded_lines": []}, "EnsembleAnalyzer.create_sow_compliant_report": {"executed_lines": [], "summary": {"covered_lines": 0, "num_statements": 15, "percent_covered": 0.0, "percent_covered_display": "0.00", "missing_lines": 15, "excluded_lines": 0}, "missing_lines": [43, 46, 47, 50, 51, 52, 55, 56, 57, 59, 62, 63, 66, 69, 139], "excluded_lines": []}, "EnsembleAnalyzer._generate_conclusion": {"executed_lines": [], "summary": {"covered_lines": 0, "num_statements": 6, "percent_covered": 0.0, "percent_covered_display": "0.00", "missing_lines": 6, "excluded_lines": 0}, "missing_lines": [143, 144, 146, 147, 156, 163], "excluded_lines": []}, "EnsembleAnalyzer.create_visualizations": {"executed_lines": [], "summary": {"covered_lines": 0, "num_statements": 8, "percent_covered": 0.0, "percent_covered_display": "0.00", "missing_lines": 8, "excluded_lines": 0}, "missing_lines": [167, 170, 173, 176, 179, 182, 185, 187], "excluded_lines": []}, "EnsembleAnalyzer._plot_performance_comparison": {"executed_lines": [], "summary": {"covered_lines": 0, "num_statements": 31, "percent_covered": 0.0, "percent_covered_display": "0.00", "missing_lines": 31, "excluded_lines": 0}, "missing_lines": [191, 193, 194, 201, 208, 215, 223, 226, 227, 236, 244, 245, 248, 249, 250, 253, 254, 255, 265, 274, 275, 278, 279, 282, 283, 284, 293, 294, 299, 303, 304], "excluded_lines": []}, "EnsembleAnalyzer._plot_per_fold_performance": {"executed_lines": [], "summary": {"covered_lines": 0, "num_statements": 26, "percent_covered": 0.0, "percent_covered_display": "0.00", "missing_lines": 26, "excluded_lines": 0}, "missing_lines": [308, 309, 310, 313, 314, 315, 316, 317, 319, 321, 322, 323, 326, 334, 338, 347, 348, 349, 350, 351, 352, 354, 355, 358, 359, 360], "excluded_lines": []}, "EnsembleAnalyzer._plot_prediction_scatter": {"executed_lines": [], "summary": {"covered_lines": 0, "num_statements": 32, "percent_covered": 0.0, "percent_covered_display": "0.00", "missing_lines": 32, "excluded_lines": 0}, "missing_lines": [365, 366, 367, 368, 370, 371, 372, 373, 374, 376, 377, 378, 379, 381, 383, 389, 390, 395, 396, 397, 406, 407, 409, 410, 411, 416, 417, 419, 420, 425, 428, 429], "excluded_lines": []}, "EnsembleAnalyzer._plot_error_distributions": {"executed_lines": [], "summary": {"covered_lines": 0, "num_statements": 38, "percent_covered": 0.0, "percent_covered_display": "0.00", "missing_lines": 38, "excluded_lines": 0}, "missing_lines": [434, 435, 436, 437, 439, 440, 441, 442, 443, 445, 446, 447, 448, 450, 453, 454, 455, 458, 459, 460, 461, 462, 463, 466, 467, 474, 475, 476, 477, 479, 480, 481, 484, 486, 487, 492, 495, 496], "excluded_lines": []}, "EnsembleAnalyzer._plot_weight_distribution": {"executed_lines": [], "summary": {"covered_lines": 0, "num_statements": 29, "percent_covered": 0.0, "percent_covered_display": "0.00", "missing_lines": 29, "excluded_lines": 0}, "missing_lines": [500, 501, 503, 504, 506, 507, 509, 512, 513, 514, 516, 525, 535, 536, 537, 538, 539, 540, 541, 542, 545, 546, 548, 557, 559, 560, 565, 568, 569], "excluded_lines": []}, "EnsembleAnalyzer._plot_improvement_analysis": {"executed_lines": [], "summary": {"covered_lines": 0, "num_statements": 21, "percent_covered": 0.0, "percent_covered_display": "0.00", "missing_lines": 21, "excluded_lines": 0}, "missing_lines": [573, 575, 577, 578, 585, 587, 589, 590, 592, 593, 596, 601, 604, 605, 606, 607, 617, 618, 623, 626, 627], "excluded_lines": []}, "EnsembleAnalyzer.save_sow_report": {"executed_lines": [], "summary": {"covered_lines": 0, "num_statements": 4, "percent_covered": 0.0, "percent_covered_display": "0.00", "missing_lines": 4, "excluded_lines": 0}, "missing_lines": [631, 632, 633, 634], "excluded_lines": []}, "EnsembleAnalyzer.generate_markdown_summary": {"executed_lines": [], "summary": {"covered_lines": 0, "num_statements": 5, "percent_covered": 0.0, "percent_covered_display": "0.00", "missing_lines": 5, "excluded_lines": 0}, "missing_lines": [639, 717, 718, 719, 720], "excluded_lines": []}, "main": {"executed_lines": [], "summary": {"covered_lines": 0, "num_statements": 19, "percent_covered": 0.0, "percent_covered_display": "0.00", "missing_lines": 19, "excluded_lines": 0}, "missing_lines": [725, 726, 727, 730, 733, 736, 737, 738, 741, 744, 745, 748, 749, 750, 751, 754, 755, 756, 759], "excluded_lines": []}, "": {"executed_lines": [], "summary": {"covered_lines": 0, "num_statements": 24, "percent_covered": 0.0, "percent_covered_display": "0.00", "missing_lines": 24, "excluded_lines": 2}, "missing_lines": [7, 8, 9, 10, 12, 13, 14, 15, 18, 19, 22, 25, 40, 141, 165, 189, 306, 362, 431, 498, 571, 629, 636, 723], "excluded_lines": [762, 763]}}, "classes": {"EnsembleAnalyzer": {"executed_lines": [], "summary": {"covered_lines": 0, "num_statements": 223, "percent_covered": 0.0, "percent_covered_display": "0.00", "missing_lines": 223, "excluded_lines": 0}, "missing_lines": [27, 28, 29, 30, 33, 34, 37, 38, 43, 46, 47, 50, 51, 52, 55, 56, 57, 59, 62, 63, 66, 69, 139, 143, 144, 146, 147, 156, 163, 167, 170, 173, 176, 179, 182, 185, 187, 191, 193, 194, 201, 208, 215, 223, 226, 227, 236, 244, 245, 248, 249, 250, 253, 254, 255, 265, 274, 275, 278, 279, 282, 283, 284, 293, 294, 299, 303, 304, 308, 309, 310, 313, 314, 315, 316, 317, 319, 321, 322, 323, 326, 334, 338, 347, 348, 349, 350, 351, 352, 354, 355, 358, 359, 360, 365, 366, 367, 368, 370, 371, 372, 373, 374, 376, 377, 378, 379, 381, 383, 389, 390, 395, 396, 397, 406, 407, 409, 410, 411, 416, 417, 419, 420, 425, 428, 429, 434, 435, 436, 437, 439, 440, 441, 442, 443, 445, 446, 447, 448, 450, 453, 454, 455, 458, 459, 460, 461, 462, 463, 466, 467, 474, 475, 476, 477, 479, 480, 481, 484, 486, 487, 492, 495, 496, 500, 501, 503, 504, 506, 507, 509, 512, 513, 514, 516, 525, 535, 536, 537, 538, 539, 540, 541, 542, 545, 546, 548, 557, 559, 560, 565, 568, 569, 573, 575, 577, 578, 585, 587, 589, 590, 592, 593, 596, 601, 604, 605, 606, 607, 617, 618, 623, 626, 627, 631, 632, 633, 634, 639, 717, 718, 719, 720], "excluded_lines": []}, "": {"executed_lines": [], "summary": {"covered_lines": 0, "num_statements": 43, "percent_covered": 0.0, "percent_covered_display": "0.00", "missing_lines": 43, "excluded_lines": 2}, "missing_lines": [7, 8, 9, 10, 12, 13, 14, 15, 18, 19, 22, 25, 40, 141, 165, 189, 306, 362, 431, 498, 571, 629, 636, 723, 725, 726, 727, 730, 733, 736, 737, 738, 741, 744, 745, 748, 749, 750, 751, 754, 755, 756, 759], "excluded_lines": [762, 763]}}}, "src/cbh_retrieval/ensemble_models.py": {"executed_lines": [], "summary": {"covered_lines": 0, "num_statements": 222, "percent_covered": 0.0, "percent_covered_display": "0.00", "missing_lines": 222, "excluded_lines": 4}, "missing_lines": [25, 26, 27, 28, 29, 30, 31, 33, 34, 35, 36, 37, 38, 39, 40, 41, 43, 46, 47, 49, 50, 53, 54, 61, 64, 65, 67, 71, 81, 84, 85, 87, 89, 91, 93, 96, 99, 100, 101, 103, 106, 108, 109, 112, 113, 116, 117, 119, 120, 121, 124, 125, 126, 127, 129, 130, 134, 136, 137, 138, 144, 147, 148, 149, 151, 154, 157, 158, 160, 162, 163, 171, 174, 179, 180, 183, 184, 186, 187, 189, 190, 192, 196, 197, 198, 200, 201, 204, 206, 209, 210, 211, 212, 213, 215, 217, 223, 224, 225, 227, 229, 233, 240, 241, 243, 252, 255, 258, 259, 261, 263, 264, 265, 268, 269, 270, 273, 274, 277, 281, 282, 284, 285, 286, 287, 288, 290, 292, 300, 301, 302, 305, 308, 315, 320, 321, 324, 325, 326, 327, 329, 330, 331, 334, 335, 338, 341, 342, 344, 347, 352, 355, 356, 359, 362, 363, 365, 367, 371, 373, 375, 376, 377, 379, 386, 387, 388, 389, 391, 398, 403, 408, 409, 411, 412, 413, 414, 416, 417, 419, 427, 431, 432, 433, 436, 438, 446, 447, 452, 458, 460, 462, 468, 469, 470, 472, 473, 474, 475, 476, 477, 480, 482, 490, 494, 497, 500, 502, 503, 504, 505, 506, 507, 510, 513, 518, 523, 526, 528, 529, 530, 531], "excluded_lines": [69, 73, 534, 535], "functions": {"EnsembleModel.__init__": {"executed_lines": [], "summary": {"covered_lines": 0, "num_statements": 1, "percent_covered": 0.0, "percent_covered_display": "0.00", "missing_lines": 1, "excluded_lines": 0}, "missing_lines": [65], "excluded_lines": []}, "EnsembleModel.fit": {"executed_lines": [], "summary": {"covered_lines": 0, "num_statements": 0, "percent_covered": 100.0, "percent_covered_display": "100.00", "missing_lines": 0, "excluded_lines": 1}, "missing_lines": [], "excluded_lines": [69]}, "EnsembleModel.predict": {"executed_lines": [], "summary": {"covered_lines": 0, "num_statements": 0, "percent_covered": 100.0, "percent_covered_display": "100.00", "missing_lines": 0, "excluded_lines": 1}, "missing_lines": [], "excluded_lines": [73]}, "SimpleAveragingEnsemble.__init__": {"executed_lines": [], "summary": {"covered_lines": 0, "num_statements": 1, "percent_covered": 0.0, "percent_covered_display": "0.00", "missing_lines": 1, "excluded_lines": 0}, "missing_lines": [85], "excluded_lines": []}, "SimpleAveragingEnsemble.fit": {"executed_lines": [], "summary": {"covered_lines": 0, "num_statements": 1, "percent_covered": 0.0, "percent_covered_display": "0.00", "missing_lines": 1, "excluded_lines": 0}, "missing_lines": [89], "excluded_lines": []}, "SimpleAveragingEnsemble.predict": {"executed_lines": [], "summary": {"covered_lines": 0, "num_statements": 1, "percent_covered": 0.0, "percent_covered_display": "0.00", "missing_lines": 1, "excluded_lines": 0}, "missing_lines": [93], "excluded_lines": []}, "WeightedAveragingEnsemble.__init__": {"executed_lines": [], "summary": {"covered_lines": 0, "num_statements": 2, "percent_covered": 0.0, "percent_covered_display": "0.00", "missing_lines": 2, "excluded_lines": 0}, "missing_lines": [100, 101], "excluded_lines": []}, "WeightedAveragingEnsemble.fit": {"executed_lines": [], "summary": {"covered_lines": 0, "num_statements": 12, "percent_covered": 0.0, "percent_covered_display": "0.00", "missing_lines": 12, "excluded_lines": 0}, "missing_lines": [106, 116, 117, 119, 120, 121, 124, 125, 126, 127, 129, 130], "excluded_lines": []}, "WeightedAveragingEnsemble.fit.objective": {"executed_lines": [], "summary": {"covered_lines": 0, "num_statements": 4, "percent_covered": 0.0, "percent_covered_display": "0.00", "missing_lines": 4, "excluded_lines": 0}, "missing_lines": [108, 109, 112, 113], "excluded_lines": []}, "WeightedAveragingEnsemble.predict": {"executed_lines": [], "summary": {"covered_lines": 0, "num_statements": 3, "percent_covered": 0.0, "percent_covered_display": "0.00", "missing_lines": 3, "excluded_lines": 0}, "missing_lines": [136, 137, 138], "excluded_lines": []}, "StackingEnsemble.__init__": {"executed_lines": [], "summary": {"covered_lines": 0, "num_statements": 2, "percent_covered": 0.0, "percent_covered_display": "0.00", "missing_lines": 2, "excluded_lines": 0}, "missing_lines": [148, 149], "excluded_lines": []}, "StackingEnsemble.fit": {"executed_lines": [], "summary": {"covered_lines": 0, "num_statements": 3, "percent_covered": 0.0, "percent_covered_display": "0.00", "missing_lines": 3, "excluded_lines": 0}, "missing_lines": [154, 157, 158], "excluded_lines": []}, "StackingEnsemble.predict": {"executed_lines": [], "summary": {"covered_lines": 0, "num_statements": 2, "percent_covered": 0.0, "percent_covered_display": "0.00", "missing_lines": 2, "excluded_lines": 0}, "missing_lines": [162, 163], "excluded_lines": []}, "EnsembleEvaluator.__init__": {"executed_lines": [], "summary": {"covered_lines": 0, "num_statements": 8, "percent_covered": 0.0, "percent_covered_display": "0.00", "missing_lines": 8, "excluded_lines": 0}, "missing_lines": [179, 180, 183, 184, 186, 187, 189, 190], "excluded_lines": []}, "EnsembleEvaluator.load_data": {"executed_lines": [], "summary": {"covered_lines": 0, "num_statements": 18, "percent_covered": 0.0, "percent_covered_display": "0.00", "missing_lines": 18, "excluded_lines": 0}, "missing_lines": [196, 197, 198, 200, 201, 204, 206, 209, 210, 211, 212, 213, 215, 217, 223, 224, 225, 227], "excluded_lines": []}, "EnsembleEvaluator.train_gbdt_model": {"executed_lines": [], "summary": {"covered_lines": 0, "num_statements": 3, "percent_covered": 0.0, "percent_covered_display": "0.00", "missing_lines": 3, "excluded_lines": 0}, "missing_lines": [233, 240, 241], "excluded_lines": []}, "EnsembleEvaluator.train_vit_model": {"executed_lines": [], "summary": {"covered_lines": 0, "num_statements": 22, "percent_covered": 0.0, "percent_covered_display": "0.00", "missing_lines": 22, "excluded_lines": 0}, "missing_lines": [252, 255, 258, 259, 261, 263, 264, 265, 268, 269, 270, 273, 274, 277, 281, 282, 284, 285, 286, 287, 288, 290], "excluded_lines": []}, "EnsembleEvaluator.evaluate_ensemble_strategies": {"executed_lines": [], "summary": {"covered_lines": 0, "num_statements": 31, "percent_covered": 0.0, "percent_covered_display": "0.00", "missing_lines": 31, "excluded_lines": 0}, "missing_lines": [300, 301, 302, 305, 308, 315, 320, 321, 324, 325, 326, 327, 329, 330, 331, 334, 335, 338, 341, 342, 344, 347, 352, 355, 356, 359, 362, 363, 365, 367, 371], "excluded_lines": []}, "EnsembleEvaluator.aggregate_results": {"executed_lines": [], "summary": {"covered_lines": 0, "num_statements": 30, "percent_covered": 0.0, "percent_covered_display": "0.00", "missing_lines": 30, "excluded_lines": 0}, "missing_lines": [375, 376, 377, 379, 386, 387, 388, 389, 391, 398, 403, 408, 409, 411, 412, 413, 414, 416, 417, 419, 427, 431, 432, 433, 436, 438, 446, 447, 452, 458], "excluded_lines": []}, "EnsembleEvaluator.save_ensemble_report": {"executed_lines": [], "summary": {"covered_lines": 0, "num_statements": 12, "percent_covered": 0.0, "percent_covered_display": "0.00", "missing_lines": 12, "excluded_lines": 0}, "missing_lines": [462, 468, 469, 470, 472, 473, 474, 475, 476, 477, 480, 482], "excluded_lines": []}, "main": {"executed_lines": [], "summary": {"covered_lines": 0, "num_statements": 18, "percent_covered": 0.0, "percent_covered_display": "0.00", "missing_lines": 18, "excluded_lines": 0}, "missing_lines": [494, 497, 500, 502, 503, 504, 505, 506, 507, 510, 513, 518, 523, 526, 528, 529, 530, 531], "excluded_lines": []}, "": {"executed_lines": [], "summary": {"covered_lines": 0, "num_statements": 48, "percent_covered": 0.0, "percent_covered_display": "0.00", "missing_lines": 48, "excluded_lines": 2}, "missing_lines": [25, 26, 27, 28, 29, 30, 31, 33, 34, 35, 36, 37, 38, 39, 40, 41, 43, 46, 47, 49, 50, 53, 54, 61, 64, 67, 71, 81, 84, 87, 91, 96, 99, 103, 134, 144, 147, 151, 160, 171, 174, 192, 229, 243, 292, 373, 460, 490], "excluded_lines": [534, 535]}}, "classes": {"EnsembleModel": {"executed_lines": [], "summary": {"covered_lines": 0, "num_statements": 1, "percent_covered": 0.0, "percent_covered_display": "0.00", "missing_lines": 1, "excluded_lines": 2}, "missing_lines": [65], "excluded_lines": [69, 73]}, "SimpleAveragingEnsemble": {"executed_lines": [], "summary": {"covered_lines": 0, "num_statements": 3, "percent_covered": 0.0, "percent_covered_display": "0.00", "missing_lines": 3, "excluded_lines": 0}, "missing_lines": [85, 89, 93], "excluded_lines": []}, "WeightedAveragingEnsemble": {"executed_lines": [], "summary": {"covered_lines": 0, "num_statements": 21, "percent_covered": 0.0, "percent_covered_display": "0.00", "missing_lines": 21, "excluded_lines": 0}, "missing_lines": [100, 101, 106, 108, 109, 112, 113, 116, 117, 119, 120, 121, 124, 125, 126, 127, 129, 130, 136, 137, 138], "excluded_lines": []}, "StackingEnsemble": {"executed_lines": [], "summary": {"covered_lines": 0, "num_statements": 7, "percent_covered": 0.0, "percent_covered_display": "0.00", "missing_lines": 7, "excluded_lines": 0}, "missing_lines": [148, 149, 154, 157, 158, 162, 163], "excluded_lines": []}, "EnsembleEvaluator": {"executed_lines": [], "summary": {"covered_lines": 0, "num_statements": 124, "percent_covered": 0.0, "percent_covered_display": "0.00", "missing_lines": 124, "excluded_lines": 0}, "missing_lines": [179, 180, 183, 184, 186, 187, 189, 190, 196, 197, 198, 200, 201, 204, 206, 209, 210, 211, 212, 213, 215, 217, 223, 224, 225, 227, 233, 240, 241, 252, 255, 258, 259, 261, 263, 264, 265, 268, 269, 270, 273, 274, 277, 281, 282, 284, 285, 286, 287, 288, 290, 300, 301, 302, 305, 308, 315, 320, 321, 324, 325, 326, 327, 329, 330, 331, 334, 335, 338, 341, 342, 344, 347, 352, 355, 356, 359, 362, 363, 365, 367, 371, 375, 376, 377, 379, 386, 387, 388, 389, 391, 398, 403, 408, 409, 411, 412, 413, 414, 416, 417, 419, 427, 431, 432, 433, 436, 438, 446, 447, 452, 458, 462, 468, 469, 470, 472, 473, 474, 475, 476, 477, 480, 482], "excluded_lines": []}, "": {"executed_lines": [], "summary": {"covered_lines": 0, "num_statements": 66, "percent_covered": 0.0, "percent_covered_display": "0.00", "missing_lines": 66, "excluded_lines": 2}, "missing_lines": [25, 26, 27, 28, 29, 30, 31, 33, 34, 35, 36, 37, 38, 39, 40, 41, 43, 46, 47, 49, 50, 53, 54, 61, 64, 67, 71, 81, 84, 87, 91, 96, 99, 103, 134, 144, 147, 151, 160, 171, 174, 192, 229, 243, 292, 373, 460, 490, 494, 497, 500, 502, 503, 504, 505, 506, 507, 510, 513, 518, 523, 526, 528, 529, 530, 531], "excluded_lines": [534, 535]}}}, "src/cbh_retrieval/ensemble_tabular_image.py": {"executed_lines": [], "summary": {"covered_lines": 0, "num_statements": 272, "percent_covered": 0.0, "percent_covered_display": "0.00", "missing_lines": 272, "excluded_lines": 2}, "missing_lines": [18, 19, 20, 21, 22, 24, 25, 26, 27, 28, 29, 30, 31, 32, 33, 34, 35, 36, 37, 39, 42, 43, 45, 47, 48, 49, 50, 53, 54, 57, 58, 59, 62, 63, 66, 67, 70, 73, 74, 76, 77, 78, 79, 80, 81, 83, 84, 86, 88, 89, 90, 92, 94, 95, 96, 98, 99, 101, 103, 105, 106, 107, 108, 110, 113, 116, 117, 118, 119, 121, 137, 139, 140, 141, 143, 145, 146, 147, 150, 151, 157, 158, 159, 160, 161, 162, 165, 166, 167, 169, 170, 172, 173, 175, 177, 179, 180, 181, 183, 192, 194, 196, 200, 201, 202, 205, 206, 207, 208, 209, 212, 213, 215, 216, 217, 218, 219, 222, 223, 225, 226, 227, 228, 230, 232, 234, 235, 236, 237, 238, 240, 242, 243, 245, 256, 258, 260, 262, 263, 267, 268, 269, 272, 273, 274, 275, 276, 278, 279, 280, 281, 282, 284, 286, 288, 289, 291, 293, 294, 296, 297, 299, 300, 301, 302, 303, 305, 307, 309, 311, 314, 315, 316, 317, 320, 321, 323, 331, 333, 335, 337, 338, 340, 342, 353, 354, 355, 356, 359, 360, 362, 363, 366, 367, 369, 370, 373, 374, 375, 377, 378, 381, 384, 387, 388, 393, 396, 397, 400, 401, 402, 403, 406, 408, 424, 426, 427, 428, 430, 431, 433, 435, 443, 445, 446, 447, 450, 451, 454, 459, 460, 465, 466, 469, 478, 480, 483, 485, 487, 489, 490, 491, 493, 494, 502, 503, 504, 506, 507, 508, 509, 511, 512, 513, 515, 524, 527, 528, 529, 531, 533, 534, 535, 538, 540, 541, 544, 545, 548, 550, 551, 552], "excluded_lines": [555, 556], "functions": {"SimpleCNN.__init__": {"executed_lines": [], "summary": {"covered_lines": 0, "num_statements": 14, "percent_covered": 0.0, "percent_covered_display": "0.00", "missing_lines": 14, "excluded_lines": 0}, "missing_lines": [74, 76, 77, 78, 79, 80, 81, 83, 84, 86, 88, 89, 90, 92], "excluded_lines": []}, "SimpleCNN.forward": {"executed_lines": [], "summary": {"covered_lines": 0, "num_statements": 11, "percent_covered": 0.0, "percent_covered_display": "0.00", "missing_lines": 11, "excluded_lines": 0}, "missing_lines": [95, 96, 98, 99, 101, 103, 105, 106, 107, 108, 110], "excluded_lines": []}, "EnsembleModel.__init__": {"executed_lines": [], "summary": {"covered_lines": 0, "num_statements": 4, "percent_covered": 0.0, "percent_covered_display": "0.00", "missing_lines": 4, "excluded_lines": 0}, "missing_lines": [117, 118, 119, 121], "excluded_lines": []}, "EnsembleModel.load_tabular_features": {"executed_lines": [], "summary": {"covered_lines": 0, "num_statements": 23, "percent_covered": 0.0, "percent_covered_display": "0.00", "missing_lines": 23, "excluded_lines": 0}, "missing_lines": [139, 140, 141, 143, 145, 146, 147, 150, 151, 157, 158, 159, 160, 161, 162, 165, 166, 167, 169, 170, 172, 173, 175], "excluded_lines": []}, "EnsembleModel.load_image_dataset": {"executed_lines": [], "summary": {"covered_lines": 0, "num_statements": 6, "percent_covered": 0.0, "percent_covered_display": "0.00", "missing_lines": 6, "excluded_lines": 0}, "missing_lines": [179, 180, 181, 183, 192, 194], "excluded_lines": []}, "EnsembleModel.align_datasets": {"executed_lines": [], "summary": {"covered_lines": 0, "num_statements": 22, "percent_covered": 0.0, "percent_covered_display": "0.00", "missing_lines": 22, "excluded_lines": 0}, "missing_lines": [200, 201, 202, 205, 206, 207, 208, 209, 212, 213, 215, 216, 217, 218, 219, 222, 223, 225, 226, 227, 228, 230], "excluded_lines": []}, "EnsembleModel.create_stratified_bins": {"executed_lines": [], "summary": {"covered_lines": 0, "num_statements": 5, "percent_covered": 0.0, "percent_covered_display": "0.00", "missing_lines": 5, "excluded_lines": 0}, "missing_lines": [234, 235, 236, 237, 238], "excluded_lines": []}, "EnsembleModel.train_gbdt": {"executed_lines": [], "summary": {"covered_lines": 0, "num_statements": 5, "percent_covered": 0.0, "percent_covered_display": "0.00", "missing_lines": 5, "excluded_lines": 0}, "missing_lines": [242, 243, 245, 256, 258], "excluded_lines": []}, "EnsembleModel.train_cnn": {"executed_lines": [], "summary": {"covered_lines": 0, "num_statements": 16, "percent_covered": 0.0, "percent_covered_display": "0.00", "missing_lines": 16, "excluded_lines": 0}, "missing_lines": [262, 263, 267, 268, 269, 272, 273, 274, 275, 276, 278, 279, 280, 281, 282, 284], "excluded_lines": []}, "EnsembleModel.predict_gbdt": {"executed_lines": [], "summary": {"covered_lines": 0, "num_statements": 2, "percent_covered": 0.0, "percent_covered_display": "0.00", "missing_lines": 2, "excluded_lines": 0}, "missing_lines": [288, 289], "excluded_lines": []}, "EnsembleModel.predict_cnn": {"executed_lines": [], "summary": {"covered_lines": 0, "num_statements": 10, "percent_covered": 0.0, "percent_covered_display": "0.00", "missing_lines": 10, "excluded_lines": 0}, "missing_lines": [293, 294, 296, 297, 299, 300, 301, 302, 303, 305], "excluded_lines": []}, "EnsembleModel.ensemble_simple_average": {"executed_lines": [], "summary": {"covered_lines": 0, "num_statements": 1, "percent_covered": 0.0, "percent_covered_display": "0.00", "missing_lines": 1, "excluded_lines": 0}, "missing_lines": [309], "excluded_lines": []}, "EnsembleModel.ensemble_weighted_average": {"executed_lines": [], "summary": {"covered_lines": 0, "num_statements": 5, "percent_covered": 0.0, "percent_covered_display": "0.00", "missing_lines": 5, "excluded_lines": 0}, "missing_lines": [314, 320, 321, 323, 331], "excluded_lines": []}, "EnsembleModel.ensemble_weighted_average.objective": {"executed_lines": [], "summary": {"covered_lines": 0, "num_statements": 3, "percent_covered": 0.0, "percent_covered_display": "0.00", "missing_lines": 3, "excluded_lines": 0}, "missing_lines": [315, 316, 317], "excluded_lines": []}, "EnsembleModel.ensemble_stacking": {"executed_lines": [], "summary": {"covered_lines": 0, "num_statements": 4, "percent_covered": 0.0, "percent_covered_display": "0.00", "missing_lines": 4, "excluded_lines": 0}, "missing_lines": [335, 337, 338, 340], "excluded_lines": []}, "EnsembleModel.run_fold": {"executed_lines": [], "summary": {"covered_lines": 0, "num_statements": 30, "percent_covered": 0.0, "percent_covered_display": "0.00", "missing_lines": 30, "excluded_lines": 0}, "missing_lines": [353, 354, 355, 356, 359, 360, 362, 363, 366, 367, 369, 370, 373, 374, 375, 377, 378, 381, 384, 387, 388, 393, 396, 397, 400, 401, 402, 403, 406, 408], "excluded_lines": []}, "EnsembleModel._compute_metrics": {"executed_lines": [], "summary": {"covered_lines": 0, "num_statements": 7, "percent_covered": 0.0, "percent_covered_display": "0.00", "missing_lines": 7, "excluded_lines": 0}, "missing_lines": [426, 427, 428, 430, 431, 433, 435], "excluded_lines": []}, "EnsembleModel.run_ensemble_validation": {"executed_lines": [], "summary": {"covered_lines": 0, "num_statements": 15, "percent_covered": 0.0, "percent_covered_display": "0.00", "missing_lines": 15, "excluded_lines": 0}, "missing_lines": [445, 446, 447, 450, 451, 454, 459, 460, 465, 466, 469, 478, 480, 483, 485], "excluded_lines": []}, "EnsembleModel._aggregate_results": {"executed_lines": [], "summary": {"covered_lines": 0, "num_statements": 20, "percent_covered": 0.0, "percent_covered_display": "0.00", "missing_lines": 20, "excluded_lines": 0}, "missing_lines": [489, 490, 491, 493, 494, 502, 503, 504, 506, 507, 508, 509, 511, 512, 513, 515, 524, 527, 528, 529], "excluded_lines": []}, "EnsembleModel.save_report": {"executed_lines": [], "summary": {"covered_lines": 0, "num_statements": 3, "percent_covered": 0.0, "percent_covered_display": "0.00", "missing_lines": 3, "excluded_lines": 0}, "missing_lines": [533, 534, 535], "excluded_lines": []}, "main": {"executed_lines": [], "summary": {"covered_lines": 0, "num_statements": 8, "percent_covered": 0.0, "percent_covered_display": "0.00", "missing_lines": 8, "excluded_lines": 0}, "missing_lines": [540, 541, 544, 545, 548, 550, 551, 552], "excluded_lines": []}, "": {"executed_lines": [], "summary": {"covered_lines": 0, "num_statements": 58, "percent_covered": 0.0, "percent_covered_display": "0.00", "missing_lines": 58, "excluded_lines": 2}, "missing_lines": [18, 19, 20, 21, 22, 24, 25, 26, 27, 28, 29, 30, 31, 32, 33, 34, 35, 36, 37, 39, 42, 43, 45, 47, 48, 49, 50, 53, 54, 57, 58, 59, 62, 63, 66, 67, 70, 73, 94, 113, 116, 137, 177, 196, 232, 240, 260, 286, 291, 307, 311, 333, 342, 424, 443, 487, 531, 538], "excluded_lines": [555, 556]}}, "classes": {"SimpleCNN": {"executed_lines": [], "summary": {"covered_lines": 0, "num_statements": 25, "percent_covered": 0.0, "percent_covered_display": "0.00", "missing_lines": 25, "excluded_lines": 0}, "missing_lines": [74, 76, 77, 78, 79, 80, 81, 83, 84, 86, 88, 89, 90, 92, 95, 96, 98, 99, 101, 103, 105, 106, 107, 108, 110], "excluded_lines": []}, "EnsembleModel": {"executed_lines": [], "summary": {"covered_lines": 0, "num_statements": 181, "percent_covered": 0.0, "percent_covered_display": "0.00", "missing_lines": 181, "excluded_lines": 0}, "missing_lines": [117, 118, 119, 121, 139, 140, 141, 143, 145, 146, 147, 150, 151, 157, 158, 159, 160, 161, 162, 165, 166, 167, 169, 170, 172, 173, 175, 179, 180, 181, 183, 192, 194, 200, 201, 202, 205, 206, 207, 208, 209, 212, 213, 215, 216, 217, 218, 219, 222, 223, 225, 226, 227, 228, 230, 234, 235, 236, 237, 238, 242, 243, 245, 256, 258, 262, 263, 267, 268, 269, 272, 273, 274, 275, 276, 278, 279, 280, 281, 282, 284, 288, 289, 293, 294, 296, 297, 299, 300, 301, 302, 303, 305, 309, 314, 315, 316, 317, 320, 321, 323, 331, 335, 337, 338, 340, 353, 354, 355, 356, 359, 360, 362, 363, 366, 367, 369, 370, 373, 374, 375, 377, 378, 381, 384, 387, 388, 393, 396, 397, 400, 401, 402, 403, 406, 408, 426, 427, 428, 430, 431, 433, 435, 445, 446, 447, 450, 451, 454, 459, 460, 465, 466, 469, 478, 480, 483, 485, 489, 490, 491, 493, 494, 502, 503, 504, 506, 507, 508, 509, 511, 512, 513, 515, 524, 527, 528, 529, 533, 534, 535], "excluded_lines": []}, "": {"executed_lines": [], "summary": {"covered_lines": 0, "num_statements": 66, "percent_covered": 0.0, "percent_covered_display": "0.00", "missing_lines": 66, "excluded_lines": 2}, "missing_lines": [18, 19, 20, 21, 22, 24, 25, 26, 27, 28, 29, 30, 31, 32, 33, 34, 35, 36, 37, 39, 42, 43, 45, 47, 48, 49, 50, 53, 54, 57, 58, 59, 62, 63, 66, 67, 70, 73, 94, 113, 116, 137, 177, 196, 232, 240, 260, 286, 291, 307, 311, 333, 342, 424, 443, 487, 531, 538, 540, 541, 544, 545, 548, 550, 551, 552], "excluded_lines": [555, 556]}}}, "src/cbh_retrieval/error_analysis.py": {"executed_lines": [], "summary": {"covered_lines": 0, "num_statements": 355, "percent_covered": 0.0, "percent_covered_display": "0.00", "missing_lines": 355, "excluded_lines": 2}, "missing_lines": [16, 17, 18, 19, 20, 21, 23, 24, 25, 26, 27, 28, 29, 30, 31, 33, 36, 37, 38, 39, 41, 42, 43, 46, 47, 50, 51, 52, 55, 56, 58, 59, 60, 61, 64, 67, 68, 69, 70, 72, 76, 77, 78, 80, 82, 83, 84, 87, 88, 94, 95, 96, 97, 98, 99, 102, 104, 105, 106, 109, 114, 115, 117, 118, 119, 121, 122, 124, 125, 128, 137, 138, 139, 140, 141, 142, 143, 144, 145, 148, 149, 150, 152, 154, 156, 157, 158, 161, 162, 165, 176, 177, 178, 181, 184, 185, 186, 188, 189, 190, 191, 193, 195, 203, 204, 205, 207, 208, 210, 211, 212, 215, 217, 230, 231, 232, 234, 236, 238, 239, 240, 242, 243, 246, 248, 249, 250, 252, 255, 256, 257, 260, 264, 270, 271, 272, 273, 275, 277, 281, 282, 283, 285, 286, 289, 291, 292, 293, 295, 296, 298, 299, 301, 303, 310, 311, 312, 315, 319, 321, 325, 326, 327, 329, 332, 335, 336, 338, 339, 340, 342, 343, 345, 346, 347, 350, 351, 353, 366, 367, 368, 369, 371, 377, 379, 388, 389, 390, 392, 395, 398, 399, 400, 401, 402, 403, 404, 407, 408, 409, 410, 412, 413, 416, 417, 418, 421, 422, 430, 431, 432, 433, 434, 435, 436, 437, 440, 441, 442, 445, 446, 448, 449, 450, 451, 452, 453, 455, 456, 457, 458, 461, 462, 463, 464, 465, 466, 469, 470, 471, 474, 475, 477, 478, 479, 482, 484, 485, 487, 488, 497, 498, 499, 504, 507, 508, 511, 512, 513, 514, 515, 516, 517, 520, 523, 524, 525, 526, 528, 529, 532, 533, 534, 536, 538, 546, 547, 548, 550, 570, 571, 577, 591, 592, 593, 598, 607, 613, 614, 615, 616, 617, 618, 619, 624, 626, 638, 639, 646, 669, 670, 675, 680, 681, 686, 687, 693, 704, 705, 706, 708, 710, 718, 726, 727, 728, 730, 731, 732, 733, 734, 735, 736, 737, 739, 742, 745, 746, 747, 750, 753, 758, 761, 762, 764, 765, 766, 767, 768, 769, 770, 773, 778, 781, 786, 791, 794, 799, 803, 804, 805, 806, 807, 808, 809], "excluded_lines": [812, 813], "functions": {"ComprehensiveErrorAnalyzer.__init__": {"executed_lines": [], "summary": {"covered_lines": 0, "num_statements": 3, "percent_covered": 0.0, "percent_covered_display": "0.00", "missing_lines": 3, "excluded_lines": 0}, "missing_lines": [68, 69, 70], "excluded_lines": []}, "ComprehensiveErrorAnalyzer.load_data": {"executed_lines": [], "summary": {"covered_lines": 0, "num_statements": 43, "percent_covered": 0.0, "percent_covered_display": "0.00", "missing_lines": 43, "excluded_lines": 0}, "missing_lines": [76, 77, 78, 80, 82, 83, 84, 87, 88, 94, 95, 96, 97, 98, 99, 102, 104, 105, 106, 109, 114, 115, 117, 118, 119, 121, 122, 124, 125, 128, 137, 138, 139, 140, 141, 142, 143, 144, 145, 148, 149, 150, 152], "excluded_lines": []}, "ComprehensiveErrorAnalyzer.train_model": {"executed_lines": [], "summary": {"covered_lines": 0, "num_statements": 18, "percent_covered": 0.0, "percent_covered_display": "0.00", "missing_lines": 18, "excluded_lines": 0}, "missing_lines": [156, 157, 158, 161, 162, 165, 176, 177, 178, 181, 184, 185, 186, 188, 189, 190, 191, 193], "excluded_lines": []}, "ComprehensiveErrorAnalyzer.identify_worst_samples": {"executed_lines": [], "summary": {"covered_lines": 0, "num_statements": 14, "percent_covered": 0.0, "percent_covered_display": "0.00", "missing_lines": 14, "excluded_lines": 0}, "missing_lines": [203, 204, 205, 207, 208, 210, 211, 212, 215, 217, 230, 231, 232, 234], "excluded_lines": []}, "ComprehensiveErrorAnalyzer.correlation_analysis": {"executed_lines": [], "summary": {"covered_lines": 0, "num_statements": 20, "percent_covered": 0.0, "percent_covered_display": "0.00", "missing_lines": 20, "excluded_lines": 0}, "missing_lines": [238, 239, 240, 242, 243, 246, 248, 249, 250, 252, 255, 256, 257, 260, 264, 270, 271, 272, 273, 275], "excluded_lines": []}, "ComprehensiveErrorAnalyzer.per_flight_error_analysis": {"executed_lines": [], "summary": {"covered_lines": 0, "num_statements": 20, "percent_covered": 0.0, "percent_covered_display": "0.00", "missing_lines": 20, "excluded_lines": 0}, "missing_lines": [281, 282, 283, 285, 286, 289, 291, 292, 293, 295, 296, 298, 299, 301, 303, 310, 311, 312, 315, 319], "excluded_lines": []}, "ComprehensiveErrorAnalyzer.statistical_significance_tests": {"executed_lines": [], "summary": {"covered_lines": 0, "num_statements": 24, "percent_covered": 0.0, "percent_covered_display": "0.00", "missing_lines": 24, "excluded_lines": 0}, "missing_lines": [325, 326, 327, 329, 332, 335, 336, 338, 339, 340, 342, 343, 345, 346, 347, 350, 351, 353, 366, 367, 368, 369, 371, 377], "excluded_lines": []}, "ComprehensiveErrorAnalyzer.create_visualizations": {"executed_lines": [], "summary": {"covered_lines": 0, "num_statements": 89, "percent_covered": 0.0, "percent_covered_display": "0.00", "missing_lines": 89, "excluded_lines": 0}, "missing_lines": [388, 389, 390, 392, 395, 398, 399, 400, 401, 402, 403, 404, 407, 408, 409, 410, 412, 413, 416, 417, 418, 421, 422, 430, 431, 432, 433, 434, 435, 436, 437, 440, 441, 442, 445, 446, 448, 449, 450, 451, 452, 453, 455, 456, 457, 458, 461, 462, 463, 464, 465, 466, 469, 470, 471, 474, 475, 477, 478, 479, 482, 484, 485, 487, 488, 497, 498, 499, 504, 507, 508, 511, 512, 513, 514, 515, 516, 517, 520, 523, 524, 525, 526, 528, 529, 532, 533, 534, 536], "excluded_lines": []}, "ComprehensiveErrorAnalyzer.generate_systematic_bias_report": {"executed_lines": [], "summary": {"covered_lines": 0, "num_statements": 36, "percent_covered": 0.0, "percent_covered_display": "0.00", "missing_lines": 36, "excluded_lines": 0}, "missing_lines": [546, 547, 548, 550, 570, 571, 577, 591, 592, 593, 598, 607, 613, 614, 615, 616, 617, 618, 619, 624, 626, 638, 639, 646, 669, 670, 675, 680, 681, 686, 687, 693, 704, 705, 706, 708], "excluded_lines": []}, "ComprehensiveErrorAnalyzer.save_error_analysis_report": {"executed_lines": [], "summary": {"covered_lines": 0, "num_statements": 13, "percent_covered": 0.0, "percent_covered_display": "0.00", "missing_lines": 13, "excluded_lines": 0}, "missing_lines": [718, 726, 727, 728, 730, 731, 732, 733, 734, 735, 736, 737, 739], "excluded_lines": []}, "main": {"executed_lines": [], "summary": {"covered_lines": 0, "num_statements": 29, "percent_covered": 0.0, "percent_covered_display": "0.00", "missing_lines": 29, "excluded_lines": 0}, "missing_lines": [745, 746, 747, 750, 753, 758, 761, 762, 764, 765, 766, 767, 768, 769, 770, 773, 778, 781, 786, 791, 794, 799, 803, 804, 805, 806, 807, 808, 809], "excluded_lines": []}, "": {"executed_lines": [], "summary": {"covered_lines": 0, "num_statements": 46, "percent_covered": 0.0, "percent_covered_display": "0.00", "missing_lines": 46, "excluded_lines": 2}, "missing_lines": [16, 17, 18, 19, 20, 21, 23, 24, 25, 26, 27, 28, 29, 30, 31, 33, 36, 37, 38, 39, 41, 42, 43, 46, 47, 50, 51, 52, 55, 56, 58, 59, 60, 61, 64, 67, 72, 154, 195, 236, 277, 321, 379, 538, 710, 742], "excluded_lines": [812, 813]}}, "classes": {"ComprehensiveErrorAnalyzer": {"executed_lines": [], "summary": {"covered_lines": 0, "num_statements": 280, "percent_covered": 0.0, "percent_covered_display": "0.00", "missing_lines": 280, "excluded_lines": 0}, "missing_lines": [68, 69, 70, 76, 77, 78, 80, 82, 83, 84, 87, 88, 94, 95, 96, 97, 98, 99, 102, 104, 105, 106, 109, 114, 115, 117, 118, 119, 121, 122, 124, 125, 128, 137, 138, 139, 140, 141, 142, 143, 144, 145, 148, 149, 150, 152, 156, 157, 158, 161, 162, 165, 176, 177, 178, 181, 184, 185, 186, 188, 189, 190, 191, 193, 203, 204, 205, 207, 208, 210, 211, 212, 215, 217, 230, 231, 232, 234, 238, 239, 240, 242, 243, 246, 248, 249, 250, 252, 255, 256, 257, 260, 264, 270, 271, 272, 273, 275, 281, 282, 283, 285, 286, 289, 291, 292, 293, 295, 296, 298, 299, 301, 303, 310, 311, 312, 315, 319, 325, 326, 327, 329, 332, 335, 336, 338, 339, 340, 342, 343, 345, 346, 347, 350, 351, 353, 366, 367, 368, 369, 371, 377, 388, 389, 390, 392, 395, 398, 399, 400, 401, 402, 403, 404, 407, 408, 409, 410, 412, 413, 416, 417, 418, 421, 422, 430, 431, 432, 433, 434, 435, 436, 437, 440, 441, 442, 445, 446, 448, 449, 450, 451, 452, 453, 455, 456, 457, 458, 461, 462, 463, 464, 465, 466, 469, 470, 471, 474, 475, 477, 478, 479, 482, 484, 485, 487, 488, 497, 498, 499, 504, 507, 508, 511, 512, 513, 514, 515, 516, 517, 520, 523, 524, 525, 526, 528, 529, 532, 533, 534, 536, 546, 547, 548, 550, 570, 571, 577, 591, 592, 593, 598, 607, 613, 614, 615, 616, 617, 618, 619, 624, 626, 638, 639, 646, 669, 670, 675, 680, 681, 686, 687, 693, 704, 705, 706, 708, 718, 726, 727, 728, 730, 731, 732, 733, 734, 735, 736, 737, 739], "excluded_lines": []}, "": {"executed_lines": [], "summary": {"covered_lines": 0, "num_statements": 75, "percent_covered": 0.0, "percent_covered_display": "0.00", "missing_lines": 75, "excluded_lines": 2}, "missing_lines": [16, 17, 18, 19, 20, 21, 23, 24, 25, 26, 27, 28, 29, 30, 31, 33, 36, 37, 38, 39, 41, 42, 43, 46, 47, 50, 51, 52, 55, 56, 58, 59, 60, 61, 64, 67, 72, 154, 195, 236, 277, 321, 379, 538, 710, 742, 745, 746, 747, 750, 753, 758, 761, 762, 764, 765, 766, 767, 768, 769, 770, 773, 778, 781, 786, 791, 794, 799, 803, 804, 805, 806, 807, 808, 809], "excluded_lines": [812, 813]}}}, "src/cbh_retrieval/few_shot_f4.py": {"executed_lines": [], "summary": {"covered_lines": 0, "num_statements": 274, "percent_covered": 0.0, "percent_covered_display": "0.00", "missing_lines": 274, "excluded_lines": 2}, "missing_lines": [25, 26, 27, 28, 29, 30, 32, 33, 34, 35, 36, 37, 38, 39, 41, 44, 45, 47, 48, 51, 52, 59, 64, 69, 70, 73, 74, 75, 77, 78, 80, 81, 83, 87, 88, 89, 91, 92, 95, 99, 100, 101, 104, 105, 106, 107, 108, 113, 115, 117, 118, 119, 121, 125, 126, 127, 128, 129, 131, 132, 134, 135, 137, 146, 147, 148, 151, 152, 154, 155, 158, 159, 160, 165, 166, 168, 169, 170, 172, 173, 174, 176, 177, 179, 180, 182, 183, 185, 187, 188, 189, 190, 192, 193, 195, 197, 210, 213, 218, 219, 220, 221, 224, 225, 226, 227, 229, 234, 236, 237, 238, 240, 241, 242, 243, 245, 247, 248, 251, 254, 255, 258, 260, 261, 263, 265, 266, 271, 272, 274, 276, 287, 288, 289, 292, 293, 296, 297, 300, 301, 302, 304, 305, 308, 311, 315, 317, 318, 320, 321, 322, 325, 328, 331, 332, 335, 336, 346, 347, 348, 350, 351, 352, 354, 355, 357, 358, 360, 361, 363, 365, 366, 367, 368, 370, 379, 380, 388, 390, 392, 394, 395, 396, 398, 401, 403, 404, 407, 412, 413, 416, 424, 425, 426, 427, 428, 429, 432, 433, 443, 444, 445, 446, 447, 448, 451, 452, 461, 462, 463, 464, 467, 469, 472, 476, 480, 481, 482, 483, 486, 489, 490, 500, 501, 502, 503, 505, 509, 518, 519, 520, 522, 523, 524, 525, 526, 527, 528, 531, 532, 534, 536, 540, 544, 546, 547, 548, 549, 551, 559, 563, 566, 569, 570, 573, 574, 576, 577, 578, 579, 580, 581, 582, 585, 588, 591, 594, 599, 604, 607, 609, 610, 611, 612], "excluded_lines": [615, 616], "functions": {"DomainAdaptationF4.__init__": {"executed_lines": [], "summary": {"covered_lines": 0, "num_statements": 9, "percent_covered": 0.0, "percent_covered_display": "0.00", "missing_lines": 9, "excluded_lines": 0}, "missing_lines": [69, 70, 73, 74, 75, 77, 78, 80, 81], "excluded_lines": []}, "DomainAdaptationF4.load_data": {"executed_lines": [], "summary": {"covered_lines": 0, "num_statements": 15, "percent_covered": 0.0, "percent_covered_display": "0.00", "missing_lines": 15, "excluded_lines": 0}, "missing_lines": [87, 88, 89, 91, 92, 95, 99, 100, 101, 104, 105, 106, 107, 108, 113], "excluded_lines": []}, "DomainAdaptationF4.load_production_model": {"executed_lines": [], "summary": {"covered_lines": 0, "num_statements": 13, "percent_covered": 0.0, "percent_covered_display": "0.00", "missing_lines": 13, "excluded_lines": 0}, "missing_lines": [117, 118, 119, 121, 125, 126, 127, 128, 129, 131, 132, 134, 135], "excluded_lines": []}, "DomainAdaptationF4.get_f4_baseline": {"executed_lines": [], "summary": {"covered_lines": 0, "num_statements": 32, "percent_covered": 0.0, "percent_covered_display": "0.00", "missing_lines": 32, "excluded_lines": 0}, "missing_lines": [146, 147, 148, 151, 152, 154, 155, 158, 159, 160, 165, 166, 168, 169, 170, 172, 173, 174, 176, 177, 179, 180, 182, 183, 185, 187, 188, 189, 190, 192, 193, 195], "excluded_lines": []}, "DomainAdaptationF4.few_shot_fine_tune": {"executed_lines": [], "summary": {"covered_lines": 0, "num_statements": 34, "percent_covered": 0.0, "percent_covered_display": "0.00", "missing_lines": 34, "excluded_lines": 0}, "missing_lines": [210, 213, 218, 219, 220, 221, 224, 225, 226, 227, 229, 234, 236, 237, 238, 240, 241, 242, 243, 245, 247, 248, 251, 254, 255, 258, 260, 261, 263, 265, 266, 271, 272, 274], "excluded_lines": []}, "DomainAdaptationF4.evaluate_few_shot_experiments": {"executed_lines": [], "summary": {"covered_lines": 0, "num_statements": 48, "percent_covered": 0.0, "percent_covered_display": "0.00", "missing_lines": 48, "excluded_lines": 0}, "missing_lines": [287, 288, 289, 292, 293, 296, 297, 300, 301, 302, 304, 305, 308, 311, 315, 317, 318, 320, 321, 322, 325, 328, 331, 332, 335, 336, 346, 347, 348, 350, 351, 352, 354, 355, 357, 358, 360, 361, 363, 365, 366, 367, 368, 370, 379, 380, 388, 390], "excluded_lines": []}, "DomainAdaptationF4.create_visualizations": {"executed_lines": [], "summary": {"covered_lines": 0, "num_statements": 46, "percent_covered": 0.0, "percent_covered_display": "0.00", "missing_lines": 46, "excluded_lines": 0}, "missing_lines": [394, 395, 396, 398, 401, 403, 404, 407, 412, 413, 416, 424, 425, 426, 427, 428, 429, 432, 433, 443, 444, 445, 446, 447, 448, 451, 452, 461, 462, 463, 464, 467, 469, 472, 476, 480, 481, 482, 483, 486, 489, 490, 500, 501, 502, 503], "excluded_lines": []}, "DomainAdaptationF4.save_domain_adaptation_report": {"executed_lines": [], "summary": {"covered_lines": 0, "num_statements": 14, "percent_covered": 0.0, "percent_covered_display": "0.00", "missing_lines": 14, "excluded_lines": 0}, "missing_lines": [509, 518, 519, 520, 522, 523, 524, 525, 526, 527, 528, 531, 532, 534], "excluded_lines": []}, "DomainAdaptationF4._generate_conclusion": {"executed_lines": [], "summary": {"covered_lines": 0, "num_statements": 7, "percent_covered": 0.0, "percent_covered_display": "0.00", "missing_lines": 7, "excluded_lines": 0}, "missing_lines": [540, 544, 546, 547, 548, 549, 551], "excluded_lines": []}, "main": {"executed_lines": [], "summary": {"covered_lines": 0, "num_statements": 24, "percent_covered": 0.0, "percent_covered_display": "0.00", "missing_lines": 24, "excluded_lines": 0}, "missing_lines": [563, 566, 569, 570, 573, 574, 576, 577, 578, 579, 580, 581, 582, 585, 588, 591, 594, 599, 604, 607, 609, 610, 611, 612], "excluded_lines": []}, "": {"executed_lines": [], "summary": {"covered_lines": 0, "num_statements": 32, "percent_covered": 0.0, "percent_covered_display": "0.00", "missing_lines": 32, "excluded_lines": 2}, "missing_lines": [25, 26, 27, 28, 29, 30, 32, 33, 34, 35, 36, 37, 38, 39, 41, 44, 45, 47, 48, 51, 52, 59, 64, 83, 115, 137, 197, 276, 392, 505, 536, 559], "excluded_lines": [615, 616]}}, "classes": {"DomainAdaptationF4": {"executed_lines": [], "summary": {"covered_lines": 0, "num_statements": 218, "percent_covered": 0.0, "percent_covered_display": "0.00", "missing_lines": 218, "excluded_lines": 0}, "missing_lines": [69, 70, 73, 74, 75, 77, 78, 80, 81, 87, 88, 89, 91, 92, 95, 99, 100, 101, 104, 105, 106, 107, 108, 113, 117, 118, 119, 121, 125, 126, 127, 128, 129, 131, 132, 134, 135, 146, 147, 148, 151, 152, 154, 155, 158, 159, 160, 165, 166, 168, 169, 170, 172, 173, 174, 176, 177, 179, 180, 182, 183, 185, 187, 188, 189, 190, 192, 193, 195, 210, 213, 218, 219, 220, 221, 224, 225, 226, 227, 229, 234, 236, 237, 238, 240, 241, 242, 243, 245, 247, 248, 251, 254, 255, 258, 260, 261, 263, 265, 266, 271, 272, 274, 287, 288, 289, 292, 293, 296, 297, 300, 301, 302, 304, 305, 308, 311, 315, 317, 318, 320, 321, 322, 325, 328, 331, 332, 335, 336, 346, 347, 348, 350, 351, 352, 354, 355, 357, 358, 360, 361, 363, 365, 366, 367, 368, 370, 379, 380, 388, 390, 394, 395, 396, 398, 401, 403, 404, 407, 412, 413, 416, 424, 425, 426, 427, 428, 429, 432, 433, 443, 444, 445, 446, 447, 448, 451, 452, 461, 462, 463, 464, 467, 469, 472, 476, 480, 481, 482, 483, 486, 489, 490, 500, 501, 502, 503, 509, 518, 519, 520, 522, 523, 524, 525, 526, 527, 528, 531, 532, 534, 540, 544, 546, 547, 548, 549, 551], "excluded_lines": []}, "": {"executed_lines": [], "summary": {"covered_lines": 0, "num_statements": 56, "percent_covered": 0.0, "percent_covered_display": "0.00", "missing_lines": 56, "excluded_lines": 2}, "missing_lines": [25, 26, 27, 28, 29, 30, 32, 33, 34, 35, 36, 37, 38, 39, 41, 44, 45, 47, 48, 51, 52, 59, 64, 83, 115, 137, 197, 276, 392, 505, 536, 559, 563, 566, 569, 570, 573, 574, 576, 577, 578, 579, 580, 581, 582, 585, 588, 591, 594, 599, 604, 607, 609, 610, 611, 612], "excluded_lines": [615, 616]}}}, "src/cbh_retrieval/few_shot_f4_tabular.py": {"executed_lines": [], "summary": {"covered_lines": 0, "num_statements": 311, "percent_covered": 0.0, "percent_covered_display": "0.00", "missing_lines": 311, "excluded_lines": 2}, "missing_lines": [33, 34, 35, 36, 37, 38, 40, 41, 42, 43, 44, 45, 46, 47, 48, 49, 50, 52, 55, 56, 59, 64, 70, 71, 72, 73, 76, 77, 78, 80, 81, 83, 84, 85, 87, 89, 90, 91, 93, 95, 96, 99, 100, 101, 107, 108, 109, 110, 113, 116, 117, 120, 122, 124, 125, 126, 127, 130, 131, 132, 133, 134, 139, 141, 148, 149, 150, 153, 154, 155, 157, 158, 159, 160, 162, 163, 166, 167, 168, 171, 172, 173, 176, 184, 187, 190, 191, 192, 194, 204, 205, 206, 207, 209, 211, 232, 233, 234, 236, 237, 238, 240, 241, 243, 244, 245, 247, 249, 251, 252, 255, 258, 259, 262, 263, 264, 265, 268, 269, 270, 273, 274, 275, 278, 286, 289, 292, 293, 294, 296, 305, 307, 310, 311, 312, 314, 326, 327, 328, 332, 334, 338, 339, 340, 343, 346, 347, 349, 350, 353, 356, 401, 403, 407, 408, 409, 411, 412, 413, 415, 416, 424, 425, 432, 439, 441, 443, 444, 445, 448, 451, 454, 457, 459, 461, 463, 464, 466, 467, 473, 480, 482, 494, 503, 506, 507, 512, 513, 514, 517, 518, 519, 521, 522, 532, 533, 538, 541, 542, 544, 546, 547, 549, 550, 556, 562, 568, 575, 577, 580, 589, 590, 593, 596, 597, 598, 599, 601, 602, 613, 622, 623, 626, 629, 630, 631, 632, 634, 635, 645, 646, 651, 655, 656, 658, 660, 661, 663, 664, 670, 672, 673, 675, 676, 677, 682, 685, 686, 687, 688, 698, 699, 702, 703, 704, 706, 708, 710, 712, 720, 721, 722, 724, 732, 739, 747, 748, 749, 750, 751, 752, 754, 755, 760, 763, 764, 766, 769, 770, 771, 772, 775, 776, 777, 779, 781, 783, 856, 857, 860, 862, 863, 864, 867, 868, 874, 876, 877, 878, 881, 888, 891, 894, 897, 900, 901, 902, 903, 904, 907, 910], "excluded_lines": [913, 914], "functions": {"DomainAdaptationF4Tabular.__init__": {"executed_lines": [], "summary": {"covered_lines": 0, "num_statements": 12, "percent_covered": 0.0, "percent_covered_display": "0.00", "missing_lines": 12, "excluded_lines": 0}, "missing_lines": [70, 71, 72, 73, 76, 77, 78, 80, 81, 83, 84, 85], "excluded_lines": []}, "DomainAdaptationF4Tabular.load_data": {"executed_lines": [], "summary": {"covered_lines": 0, "num_statements": 28, "percent_covered": 0.0, "percent_covered_display": "0.00", "missing_lines": 28, "excluded_lines": 0}, "missing_lines": [89, 90, 91, 93, 95, 96, 99, 100, 101, 107, 108, 109, 110, 113, 116, 117, 120, 122, 124, 125, 126, 127, 130, 131, 132, 133, 134, 139], "excluded_lines": []}, "DomainAdaptationF4Tabular.get_baseline_loo_performance": {"executed_lines": [], "summary": {"covered_lines": 0, "num_statements": 30, "percent_covered": 0.0, "percent_covered_display": "0.00", "missing_lines": 30, "excluded_lines": 0}, "missing_lines": [148, 149, 150, 153, 154, 155, 157, 158, 159, 160, 162, 163, 166, 167, 168, 171, 172, 173, 176, 184, 187, 190, 191, 192, 194, 204, 205, 206, 207, 209], "excluded_lines": []}, "DomainAdaptationF4Tabular.few_shot_experiment": {"executed_lines": [], "summary": {"covered_lines": 0, "num_statements": 45, "percent_covered": 0.0, "percent_covered_display": "0.00", "missing_lines": 45, "excluded_lines": 0}, "missing_lines": [232, 233, 234, 236, 237, 238, 240, 241, 243, 244, 245, 247, 249, 251, 252, 255, 258, 259, 262, 263, 264, 265, 268, 269, 270, 273, 274, 275, 278, 286, 289, 292, 293, 294, 296, 305, 307, 310, 311, 312, 314, 326, 327, 328, 332], "excluded_lines": []}, "DomainAdaptationF4Tabular.run_all_experiments": {"executed_lines": [], "summary": {"covered_lines": 0, "num_statements": 11, "percent_covered": 0.0, "percent_covered_display": "0.00", "missing_lines": 11, "excluded_lines": 0}, "missing_lines": [338, 339, 340, 343, 346, 347, 349, 350, 353, 356, 401], "excluded_lines": []}, "DomainAdaptationF4Tabular._generate_conclusion": {"executed_lines": [], "summary": {"covered_lines": 0, "num_statements": 12, "percent_covered": 0.0, "percent_covered_display": "0.00", "missing_lines": 12, "excluded_lines": 0}, "missing_lines": [407, 408, 409, 411, 412, 413, 415, 416, 424, 425, 432, 439], "excluded_lines": []}, "DomainAdaptationF4Tabular.create_visualizations": {"executed_lines": [], "summary": {"covered_lines": 0, "num_statements": 8, "percent_covered": 0.0, "percent_covered_display": "0.00", "missing_lines": 8, "excluded_lines": 0}, "missing_lines": [443, 444, 445, 448, 451, 454, 457, 459], "excluded_lines": []}, "DomainAdaptationF4Tabular._plot_learning_curve": {"executed_lines": [], "summary": {"covered_lines": 0, "num_statements": 24, "percent_covered": 0.0, "percent_covered_display": "0.00", "missing_lines": 24, "excluded_lines": 0}, "missing_lines": [463, 464, 466, 467, 473, 480, 482, 494, 503, 506, 507, 512, 513, 514, 517, 518, 519, 521, 522, 532, 533, 538, 541, 542], "excluded_lines": []}, "DomainAdaptationF4Tabular._plot_performance_comparison": {"executed_lines": [], "summary": {"covered_lines": 0, "num_statements": 34, "percent_covered": 0.0, "percent_covered_display": "0.00", "missing_lines": 34, "excluded_lines": 0}, "missing_lines": [546, 547, 549, 550, 556, 562, 568, 575, 577, 580, 589, 590, 593, 596, 597, 598, 599, 601, 602, 613, 622, 623, 626, 629, 630, 631, 632, 634, 635, 645, 646, 651, 655, 656], "excluded_lines": []}, "DomainAdaptationF4Tabular._plot_improvement_analysis": {"executed_lines": [], "summary": {"covered_lines": 0, "num_statements": 20, "percent_covered": 0.0, "percent_covered_display": "0.00", "missing_lines": 20, "excluded_lines": 0}, "missing_lines": [660, 661, 663, 664, 670, 672, 673, 675, 676, 677, 682, 685, 686, 687, 688, 698, 699, 702, 703, 704], "excluded_lines": []}, "DomainAdaptationF4Tabular._plot_trial_results": {"executed_lines": [], "summary": {"covered_lines": 0, "num_statements": 20, "percent_covered": 0.0, "percent_covered_display": "0.00", "missing_lines": 20, "excluded_lines": 0}, "missing_lines": [708, 710, 712, 720, 721, 722, 724, 732, 739, 747, 748, 749, 750, 751, 752, 754, 755, 760, 763, 764], "excluded_lines": []}, "DomainAdaptationF4Tabular.save_report": {"executed_lines": [], "summary": {"covered_lines": 0, "num_statements": 7, "percent_covered": 0.0, "percent_covered_display": "0.00", "missing_lines": 7, "excluded_lines": 0}, "missing_lines": [769, 770, 771, 772, 775, 776, 777], "excluded_lines": []}, "DomainAdaptationF4Tabular._generate_markdown_report": {"executed_lines": [], "summary": {"covered_lines": 0, "num_statements": 4, "percent_covered": 0.0, "percent_covered_display": "0.00", "missing_lines": 4, "excluded_lines": 0}, "missing_lines": [781, 783, 856, 857], "excluded_lines": []}, "main": {"executed_lines": [], "summary": {"covered_lines": 0, "num_statements": 21, "percent_covered": 0.0, "percent_covered_display": "0.00", "missing_lines": 21, "excluded_lines": 0}, "missing_lines": [862, 863, 864, 867, 868, 874, 876, 877, 878, 881, 888, 891, 894, 897, 900, 901, 902, 903, 904, 907, 910], "excluded_lines": []}, "": {"executed_lines": [], "summary": {"covered_lines": 0, "num_statements": 35, "percent_covered": 0.0, "percent_covered_display": "0.00", "missing_lines": 35, "excluded_lines": 2}, "missing_lines": [33, 34, 35, 36, 37, 38, 40, 41, 42, 43, 44, 45, 46, 47, 48, 49, 50, 52, 55, 56, 59, 64, 87, 141, 211, 334, 403, 441, 461, 544, 658, 706, 766, 779, 860], "excluded_lines": [913, 914]}}, "classes": {"DomainAdaptationF4Tabular": {"executed_lines": [], "summary": {"covered_lines": 0, "num_statements": 255, "percent_covered": 0.0, "percent_covered_display": "0.00", "missing_lines": 255, "excluded_lines": 0}, "missing_lines": [70, 71, 72, 73, 76, 77, 78, 80, 81, 83, 84, 85, 89, 90, 91, 93, 95, 96, 99, 100, 101, 107, 108, 109, 110, 113, 116, 117, 120, 122, 124, 125, 126, 127, 130, 131, 132, 133, 134, 139, 148, 149, 150, 153, 154, 155, 157, 158, 159, 160, 162, 163, 166, 167, 168, 171, 172, 173, 176, 184, 187, 190, 191, 192, 194, 204, 205, 206, 207, 209, 232, 233, 234, 236, 237, 238, 240, 241, 243, 244, 245, 247, 249, 251, 252, 255, 258, 259, 262, 263, 264, 265, 268, 269, 270, 273, 274, 275, 278, 286, 289, 292, 293, 294, 296, 305, 307, 310, 311, 312, 314, 326, 327, 328, 332, 338, 339, 340, 343, 346, 347, 349, 350, 353, 356, 401, 407, 408, 409, 411, 412, 413, 415, 416, 424, 425, 432, 439, 443, 444, 445, 448, 451, 454, 457, 459, 463, 464, 466, 467, 473, 480, 482, 494, 503, 506, 507, 512, 513, 514, 517, 518, 519, 521, 522, 532, 533, 538, 541, 542, 546, 547, 549, 550, 556, 562, 568, 575, 577, 580, 589, 590, 593, 596, 597, 598, 599, 601, 602, 613, 622, 623, 626, 629, 630, 631, 632, 634, 635, 645, 646, 651, 655, 656, 660, 661, 663, 664, 670, 672, 673, 675, 676, 677, 682, 685, 686, 687, 688, 698, 699, 702, 703, 704, 708, 710, 712, 720, 721, 722, 724, 732, 739, 747, 748, 749, 750, 751, 752, 754, 755, 760, 763, 764, 769, 770, 771, 772, 775, 776, 777, 781, 783, 856, 857], "excluded_lines": []}, "": {"executed_lines": [], "summary": {"covered_lines": 0, "num_statements": 56, "percent_covered": 0.0, "percent_covered_display": "0.00", "missing_lines": 56, "excluded_lines": 2}, "missing_lines": [33, 34, 35, 36, 37, 38, 40, 41, 42, 43, 44, 45, 46, 47, 48, 49, 50, 52, 55, 56, 59, 64, 87, 141, 211, 334, 403, 441, 461, 544, 658, 706, 766, 779, 860, 862, 863, 864, 867, 868, 874, 876, 877, 878, 881, 888, 891, 894, 897, 900, 901, 902, 903, 904, 907, 910], "excluded_lines": [913, 914]}}}, "src/cbh_retrieval/image_dataset.py": {"executed_lines": [], "summary": {"covered_lines": 0, "num_statements": 168, "percent_covered": 0.0, "percent_covered_display": "0.00", "missing_lines": 168, "excluded_lines": 0}, "missing_lines": [16, 17, 19, 20, 21, 22, 25, 37, 57, 58, 59, 60, 61, 62, 65, 66, 68, 69, 70, 71, 72, 73, 75, 78, 79, 81, 84, 85, 86, 87, 88, 90, 92, 93, 94, 95, 97, 100, 101, 102, 103, 106, 107, 108, 110, 111, 112, 113, 115, 116, 117, 118, 128, 129, 130, 132, 133, 134, 136, 138, 140, 142, 143, 146, 148, 150, 152, 153, 154, 155, 156, 158, 161, 162, 165, 166, 169, 170, 172, 174, 186, 187, 188, 191, 194, 195, 198, 199, 202, 205, 206, 209, 210, 212, 213, 221, 228, 235, 236, 237, 238, 239, 240, 242, 244, 252, 253, 255, 256, 258, 259, 260, 261, 263, 264, 266, 283, 286, 294, 311, 312, 314, 324, 326, 329, 330, 331, 332, 334, 335, 337, 346, 347, 350, 352, 353, 355, 357, 358, 361, 362, 364, 372, 373, 374, 376, 386, 387, 388, 391, 392, 393, 396, 397, 399, 402, 405, 407, 408, 409, 410, 413, 414, 415, 416, 418, 419, 427], "excluded_lines": [], "functions": {"ImageCBHDataset.__init__": {"executed_lines": [], "summary": {"covered_lines": 0, "num_statements": 14, "percent_covered": 0.0, "percent_covered_display": "0.00", "missing_lines": 14, "excluded_lines": 0}, "missing_lines": [57, 58, 59, 60, 61, 62, 65, 66, 68, 69, 70, 71, 72, 73], "excluded_lines": []}, "ImageCBHDataset._load_data": {"executed_lines": [], "summary": {"covered_lines": 0, "num_statements": 13, "percent_covered": 0.0, "percent_covered_display": "0.00", "missing_lines": 13, "excluded_lines": 0}, "missing_lines": [78, 79, 81, 84, 85, 86, 87, 88, 90, 92, 93, 94, 95], "excluded_lines": []}, "ImageCBHDataset._create_mapping": {"executed_lines": [], "summary": {"covered_lines": 0, "num_statements": 21, "percent_covered": 0.0, "percent_covered_display": "0.00", "missing_lines": 21, "excluded_lines": 0}, "missing_lines": [100, 101, 102, 103, 106, 107, 108, 110, 111, 112, 113, 115, 116, 117, 118, 128, 129, 130, 132, 133, 134], "excluded_lines": []}, "ImageCBHDataset.__len__": {"executed_lines": [], "summary": {"covered_lines": 0, "num_statements": 1, "percent_covered": 0.0, "percent_covered_display": "0.00", "missing_lines": 1, "excluded_lines": 0}, "missing_lines": [138], "excluded_lines": []}, "ImageCBHDataset._load_image": {"executed_lines": [], "summary": {"covered_lines": 0, "num_statements": 4, "percent_covered": 0.0, "percent_covered_display": "0.00", "missing_lines": 4, "excluded_lines": 0}, "missing_lines": [142, 143, 146, 148], "excluded_lines": []}, "ImageCBHDataset._normalize_image": {"executed_lines": [], "summary": {"covered_lines": 0, "num_statements": 5, "percent_covered": 0.0, "percent_covered_display": "0.00", "missing_lines": 5, "excluded_lines": 0}, "missing_lines": [152, 153, 154, 155, 156], "excluded_lines": []}, "ImageCBHDataset._augment_image": {"executed_lines": [], "summary": {"covered_lines": 0, "num_statements": 7, "percent_covered": 0.0, "percent_covered_display": "0.00", "missing_lines": 7, "excluded_lines": 0}, "missing_lines": [161, 162, 165, 166, 169, 170, 172], "excluded_lines": []}, "ImageCBHDataset.__getitem__": {"executed_lines": [], "summary": {"covered_lines": 0, "num_statements": 16, "percent_covered": 0.0, "percent_covered_display": "0.00", "missing_lines": 16, "excluded_lines": 0}, "missing_lines": [186, 187, 188, 191, 194, 195, 198, 199, 202, 205, 206, 209, 210, 212, 213, 221], "excluded_lines": []}, "ImageCBHDataset.get_flight_indices": {"executed_lines": [], "summary": {"covered_lines": 0, "num_statements": 7, "percent_covered": 0.0, "percent_covered_display": "0.00", "missing_lines": 7, "excluded_lines": 0}, "missing_lines": [235, 236, 237, 238, 239, 240, 242], "excluded_lines": []}, "ImageCBHDataset.get_statistics": {"executed_lines": [], "summary": {"covered_lines": 0, "num_statements": 12, "percent_covered": 0.0, "percent_covered_display": "0.00", "missing_lines": 12, "excluded_lines": 0}, "missing_lines": [252, 253, 255, 256, 258, 259, 260, 261, 263, 264, 266, 283], "excluded_lines": []}, "TemporalImageDataset.__init__": {"executed_lines": [], "summary": {"covered_lines": 0, "num_statements": 4, "percent_covered": 0.0, "percent_covered_display": "0.00", "missing_lines": 4, "excluded_lines": 0}, "missing_lines": [311, 312, 314, 324], "excluded_lines": []}, "TemporalImageDataset._build_temporal_indices": {"executed_lines": [], "summary": {"covered_lines": 0, "num_statements": 21, "percent_covered": 0.0, "percent_covered_display": "0.00", "missing_lines": 21, "excluded_lines": 0}, "missing_lines": [329, 330, 331, 332, 334, 335, 337, 346, 347, 350, 352, 353, 355, 357, 358, 361, 362, 364, 372, 373, 374], "excluded_lines": []}, "TemporalImageDataset.__getitem__": {"executed_lines": [], "summary": {"covered_lines": 0, "num_statements": 22, "percent_covered": 0.0, "percent_covered_display": "0.00", "missing_lines": 22, "excluded_lines": 0}, "missing_lines": [386, 387, 388, 391, 392, 393, 396, 397, 399, 402, 405, 407, 408, 409, 410, 413, 414, 415, 416, 418, 419, 427], "excluded_lines": []}, "": {"executed_lines": [], "summary": {"covered_lines": 0, "num_statements": 21, "percent_covered": 0.0, "percent_covered_display": "0.00", "missing_lines": 21, "excluded_lines": 0}, "missing_lines": [16, 17, 19, 20, 21, 22, 25, 37, 75, 97, 136, 140, 150, 158, 174, 228, 244, 286, 294, 326, 376], "excluded_lines": []}}, "classes": {"ImageCBHDataset": {"executed_lines": [], "summary": {"covered_lines": 0, "num_statements": 100, "percent_covered": 0.0, "percent_covered_display": "0.00", "missing_lines": 100, "excluded_lines": 0}, "missing_lines": [57, 58, 59, 60, 61, 62, 65, 66, 68, 69, 70, 71, 72, 73, 78, 79, 81, 84, 85, 86, 87, 88, 90, 92, 93, 94, 95, 100, 101, 102, 103, 106, 107, 108, 110, 111, 112, 113, 115, 116, 117, 118, 128, 129, 130, 132, 133, 134, 138, 142, 143, 146, 148, 152, 153, 154, 155, 156, 161, 162, 165, 166, 169, 170, 172, 186, 187, 188, 191, 194, 195, 198, 199, 202, 205, 206, 209, 210, 212, 213, 221, 235, 236, 237, 238, 239, 240, 242, 252, 253, 255, 256, 258, 259, 260, 261, 263, 264, 266, 283], "excluded_lines": []}, "TemporalImageDataset": {"executed_lines": [], "summary": {"covered_lines": 0, "num_statements": 47, "percent_covered": 0.0, "percent_covered_display": "0.00", "missing_lines": 47, "excluded_lines": 0}, "missing_lines": [311, 312, 314, 324, 329, 330, 331, 332, 334, 335, 337, 346, 347, 350, 352, 353, 355, 357, 358, 361, 362, 364, 372, 373, 374, 386, 387, 388, 391, 392, 393, 396, 397, 399, 402, 405, 407, 408, 409, 410, 413, 414, 415, 416, 418, 419, 427], "excluded_lines": []}, "": {"executed_lines": [], "summary": {"covered_lines": 0, "num_statements": 21, "percent_covered": 0.0, "percent_covered_display": "0.00", "missing_lines": 21, "excluded_lines": 0}, "missing_lines": [16, 17, 19, 20, 21, 22, 25, 37, 75, 97, 136, 140, 150, 158, 174, 228, 244, 286, 294, 326, 376], "excluded_lines": []}}}, "src/cbh_retrieval/mc_dropout.py": {"executed_lines": [], "summary": {"covered_lines": 0, "num_statements": 126, "percent_covered": 0.0, "percent_covered_display": "0.00", "missing_lines": 126, "excluded_lines": 0}, "missing_lines": [19, 20, 22, 23, 24, 26, 29, 38, 44, 45, 46, 48, 50, 51, 52, 54, 70, 72, 73, 74, 76, 77, 78, 79, 81, 83, 84, 86, 90, 92, 94, 95, 97, 98, 99, 100, 102, 103, 105, 106, 109, 112, 113, 115, 118, 129, 143, 144, 145, 146, 149, 151, 153, 172, 174, 175, 176, 177, 179, 181, 182, 183, 184, 186, 187, 189, 192, 196, 197, 198, 200, 201, 204, 205, 206, 209, 210, 212, 220, 221, 223, 225, 244, 245, 248, 251, 254, 256, 263, 284, 285, 286, 288, 295, 296, 298, 300, 321, 322, 324, 325, 326, 328, 329, 330, 331, 332, 333, 335, 337, 357, 362, 366, 374, 377, 387, 388, 389, 390, 393, 411, 413, 415, 416, 418, 420], "excluded_lines": [], "functions": {"MCDropoutWrapper.__init__": {"executed_lines": [], "summary": {"covered_lines": 0, "num_statements": 3, "percent_covered": 0.0, "percent_covered_display": "0.00", "missing_lines": 3, "excluded_lines": 0}, "missing_lines": [44, 45, 46], "excluded_lines": []}, "MCDropoutWrapper.enable_dropout": {"executed_lines": [], "summary": {"covered_lines": 0, "num_statements": 3, "percent_covered": 0.0, "percent_covered_display": "0.00", "missing_lines": 3, "excluded_lines": 0}, "missing_lines": [50, 51, 52], "excluded_lines": []}, "MCDropoutWrapper.forward": {"executed_lines": [], "summary": {"covered_lines": 0, "num_statements": 28, "percent_covered": 0.0, "percent_covered_display": "0.00", "missing_lines": 28, "excluded_lines": 0}, "missing_lines": [70, 72, 73, 74, 76, 77, 78, 79, 81, 83, 84, 86, 90, 92, 94, 95, 97, 98, 99, 100, 102, 103, 105, 106, 109, 112, 113, 115], "excluded_lines": []}, "UncertaintyQuantifier.__init__": {"executed_lines": [], "summary": {"covered_lines": 0, "num_statements": 6, "percent_covered": 0.0, "percent_covered_display": "0.00", "missing_lines": 6, "excluded_lines": 0}, "missing_lines": [143, 144, 145, 146, 149, 151], "excluded_lines": []}, "UncertaintyQuantifier.predict_with_uncertainty": {"executed_lines": [], "summary": {"covered_lines": 0, "num_statements": 28, "percent_covered": 0.0, "percent_covered_display": "0.00", "missing_lines": 28, "excluded_lines": 0}, "missing_lines": [172, 174, 175, 176, 177, 179, 181, 182, 183, 184, 186, 187, 189, 192, 196, 197, 198, 200, 201, 204, 205, 206, 209, 210, 212, 220, 221, 223], "excluded_lines": []}, "UncertaintyQuantifier.compute_calibration_metrics": {"executed_lines": [], "summary": {"covered_lines": 0, "num_statements": 6, "percent_covered": 0.0, "percent_covered_display": "0.00", "missing_lines": 6, "excluded_lines": 0}, "missing_lines": [244, 245, 248, 251, 254, 256], "excluded_lines": []}, "UncertaintyQuantifier.identify_low_confidence_samples": {"executed_lines": [], "summary": {"covered_lines": 0, "num_statements": 7, "percent_covered": 0.0, "percent_covered_display": "0.00", "missing_lines": 7, "excluded_lines": 0}, "missing_lines": [284, 285, 286, 288, 295, 296, 298], "excluded_lines": []}, "UncertaintyQuantifier.calibration_curve": {"executed_lines": [], "summary": {"covered_lines": 0, "num_statements": 12, "percent_covered": 0.0, "percent_covered_display": "0.00", "missing_lines": 12, "excluded_lines": 0}, "missing_lines": [321, 322, 324, 325, 326, 328, 329, 330, 331, 332, 333, 335], "excluded_lines": []}, "UncertaintyQuantifier.generate_report": {"executed_lines": [], "summary": {"covered_lines": 0, "num_statements": 4, "percent_covered": 0.0, "percent_covered_display": "0.00", "missing_lines": 4, "excluded_lines": 0}, "missing_lines": [357, 362, 366, 374], "excluded_lines": []}, "enable_mc_dropout": {"executed_lines": [], "summary": {"covered_lines": 0, "num_statements": 4, "percent_covered": 0.0, "percent_covered_display": "0.00", "missing_lines": 4, "excluded_lines": 0}, "missing_lines": [387, 388, 389, 390], "excluded_lines": []}, "compute_prediction_interval_coverage": {"executed_lines": [], "summary": {"covered_lines": 0, "num_statements": 6, "percent_covered": 0.0, "percent_covered_display": "0.00", "missing_lines": 6, "excluded_lines": 0}, "missing_lines": [411, 413, 415, 416, 418, 420], "excluded_lines": []}, "": {"executed_lines": [], "summary": {"covered_lines": 0, "num_statements": 19, "percent_covered": 0.0, "percent_covered_display": "0.00", "missing_lines": 19, "excluded_lines": 0}, "missing_lines": [19, 20, 22, 23, 24, 26, 29, 38, 48, 54, 118, 129, 153, 225, 263, 300, 337, 377, 393], "excluded_lines": []}}, "classes": {"MCDropoutWrapper": {"executed_lines": [], "summary": {"covered_lines": 0, "num_statements": 34, "percent_covered": 0.0, "percent_covered_display": "0.00", "missing_lines": 34, "excluded_lines": 0}, "missing_lines": [44, 45, 46, 50, 51, 52, 70, 72, 73, 74, 76, 77, 78, 79, 81, 83, 84, 86, 90, 92, 94, 95, 97, 98, 99, 100, 102, 103, 105, 106, 109, 112, 113, 115], "excluded_lines": []}, "UncertaintyQuantifier": {"executed_lines": [], "summary": {"covered_lines": 0, "num_statements": 63, "percent_covered": 0.0, "percent_covered_display": "0.00", "missing_lines": 63, "excluded_lines": 0}, "missing_lines": [143, 144, 145, 146, 149, 151, 172, 174, 175, 176, 177, 179, 181, 182, 183, 184, 186, 187, 189, 192, 196, 197, 198, 200, 201, 204, 205, 206, 209, 210, 212, 220, 221, 223, 244, 245, 248, 251, 254, 256, 284, 285, 286, 288, 295, 296, 298, 321, 322, 324, 325, 326, 328, 329, 330, 331, 332, 333, 335, 357, 362, 366, 374], "excluded_lines": []}, "": {"executed_lines": [], "summary": {"covered_lines": 0, "num_statements": 29, "percent_covered": 0.0, "percent_covered_display": "0.00", "missing_lines": 29, "excluded_lines": 0}, "missing_lines": [19, 20, 22, 23, 24, 26, 29, 38, 48, 54, 118, 129, 153, 225, 263, 300, 337, 377, 387, 388, 389, 390, 393, 411, 413, 415, 416, 418, 420], "excluded_lines": []}}}, "src/cbh_retrieval/offline_validation.py": {"executed_lines": [], "summary": {"covered_lines": 0, "num_statements": 402, "percent_covered": 0.0, "percent_covered_display": "0.00", "missing_lines": 402, "excluded_lines": 2}, "missing_lines": [17, 18, 19, 20, 21, 22, 24, 25, 26, 27, 28, 29, 30, 31, 32, 34, 37, 38, 40, 44, 47, 48, 50, 51, 52, 53, 61, 64, 71, 72, 73, 74, 75, 77, 78, 81, 84, 85, 86, 87, 92, 94, 95, 97, 99, 100, 101, 103, 104, 105, 106, 107, 109, 111, 112, 113, 115, 116, 118, 119, 120, 122, 123, 125, 126, 128, 129, 131, 132, 134, 135, 137, 139, 147, 150, 151, 152, 153, 155, 161, 163, 164, 165, 166, 167, 168, 171, 174, 179, 181, 182, 184, 186, 191, 193, 198, 205, 212, 213, 215, 216, 218, 219, 220, 223, 225, 226, 227, 228, 230, 231, 232, 233, 235, 236, 238, 239, 241, 249, 252, 253, 254, 255, 256, 258, 259, 260, 261, 262, 263, 264, 266, 267, 268, 276, 279, 284, 285, 288, 289, 290, 292, 293, 295, 296, 298, 302, 303, 304, 306, 307, 309, 310, 311, 312, 314, 316, 324, 327, 328, 329, 330, 331, 333, 334, 336, 337, 339, 340, 341, 344, 345, 346, 347, 348, 350, 351, 353, 354, 356, 357, 358, 360, 362, 373, 374, 375, 377, 378, 379, 381, 383, 384, 386, 387, 388, 389, 391, 393, 394, 397, 400, 401, 404, 406, 407, 409, 411, 414, 415, 416, 418, 419, 420, 421, 423, 424, 426, 427, 429, 430, 432, 433, 434, 435, 437, 438, 439, 442, 443, 444, 449, 450, 451, 454, 455, 459, 461, 472, 473, 474, 476, 477, 478, 481, 483, 484, 485, 490, 493, 497, 500, 505, 508, 511, 520, 524, 52
[...]
_lines": 0}, "missing_lines": [309, 310, 311, 313, 315, 316, 318, 320, 321, 322, 323, 325, 327, 328, 329, 331, 333, 334, 335, 337, 339, 340, 341, 343, 350, 356, 357, 358, 359, 360, 361, 362, 364, 372, 373, 374, 377, 378, 380], "excluded_lines": []}, "ProductionModelTrainer.save_benchmark_report": {"executed_lines": [], "summary": {"covered_lines": 0, "num_statements": 7, "percent_covered": 0.0, "percent_covered_display": "0.00", "missing_lines": 7, "excluded_lines": 0}, "missing_lines": [384, 385, 386, 388, 389, 390, 391], "excluded_lines": []}, "ProductionModelTrainer.create_production_visualizations": {"executed_lines": [], "summary": {"covered_lines": 0, "num_statements": 43, "percent_covered": 0.0, "percent_covered_display": "0.00", "missing_lines": 43, "excluded_lines": 0}, "missing_lines": [403, 404, 405, 407, 408, 409, 412, 413, 414, 421, 422, 423, 424, 425, 426, 427, 428, 429, 430, 433, 434, 435, 436, 437, 438, 439, 440, 441, 442, 443, 444, 447, 454, 455, 456, 457, 458, 459, 460, 461, 462, 463, 465], "excluded_lines": []}, "ProductionModelTrainer.generate_reproducibility_docs": {"executed_lines": [], "summary": {"covered_lines": 0, "num_statements": 19, "percent_covered": 0.0, "percent_covered_display": "0.00", "missing_lines": 19, "excluded_lines": 0}, "missing_lines": [471, 472, 473, 475, 503, 504, 506, 535, 538, 539, 541, 555, 556, 557, 563, 639, 640, 641, 642], "excluded_lines": []}, "main": {"executed_lines": [], "summary": {"covered_lines": 0, "num_statements": 22, "percent_covered": 0.0, "percent_covered_display": "0.00", "missing_lines": 22, "excluded_lines": 0}, "missing_lines": [648, 649, 650, 653, 656, 659, 664, 675, 678, 681, 686, 688, 689, 690, 691, 692, 693, 694, 695, 696, 697, 698], "excluded_lines": []}, "": {"executed_lines": [], "summary": {"covered_lines": 0, "num_statements": 52, "percent_covered": 0.0, "percent_covered_display": "0.00", "missing_lines": 52, "excluded_lines": 2}, "missing_lines": [20, 21, 22, 23, 24, 25, 26, 27, 28, 30, 31, 32, 33, 34, 35, 36, 37, 38, 39, 41, 44, 45, 46, 48, 49, 50, 53, 54, 57, 58, 59, 60, 63, 64, 65, 67, 68, 69, 70, 71, 72, 75, 88, 91, 97, 163, 247, 305, 382, 393, 467, 645], "excluded_lines": [701, 702]}}, "classes": {"ProductionModelTrainer": {"executed_lines": [], "summary": {"covered_lines": 0, "num_statements": 200, "percent_covered": 0.0, "percent_covered_display": "0.00", "missing_lines": 200, "excluded_lines": 0}, "missing_lines": [92, 93, 94, 95, 99, 100, 101, 103, 105, 106, 107, 110, 111, 117, 118, 119, 120, 121, 122, 125, 127, 128, 129, 132, 137, 138, 140, 141, 142, 144, 145, 147, 148, 151, 161, 167, 168, 169, 172, 183, 184, 185, 188, 189, 190, 191, 194, 195, 197, 198, 200, 201, 204, 205, 208, 209, 210, 212, 222, 223, 224, 225, 226, 229, 236, 237, 238, 241, 245, 258, 259, 260, 263, 264, 265, 266, 269, 270, 271, 272, 275, 276, 277, 279, 280, 281, 284, 298, 299, 300, 301, 303, 309, 310, 311, 313, 315, 316, 318, 320, 321, 322, 323, 325, 327, 328, 329, 331, 333, 334, 335, 337, 339, 340, 341, 343, 350, 356, 357, 358, 359, 360, 361, 362, 364, 372, 373, 374, 377, 378, 380, 384, 385, 386, 388, 389, 390, 391, 403, 404, 405, 407, 408, 409, 412, 413, 414, 421, 422, 423, 424, 425, 426, 427, 428, 429, 430, 433, 434, 435, 436, 437, 438, 439, 440, 441, 442, 443, 444, 447, 454, 455, 456, 457, 458, 459, 460, 461, 462, 463, 465, 471, 472, 473, 475, 503, 504, 506, 535, 538, 539, 541, 555, 556, 557, 563, 639, 640, 641, 642], "excluded_lines": []}, "": {"executed_lines": [], "summary": {"covered_lines": 0, "num_statements": 75, "percent_covered": 0.0, "percent_covered_display": "0.00", "missing_lines": 75, "excluded_lines": 2}, "missing_lines": [20, 21, 22, 23, 24, 25, 26, 27, 28, 30, 31, 32, 33, 34, 35, 36, 37, 38, 39, 41, 44, 45, 46, 48, 49, 50, 53, 54, 57, 58, 59, 60, 63, 64, 65, 67, 68, 69, 70, 71, 72, 75, 77, 88, 91, 97, 163, 247, 305, 382, 393, 467, 645, 648, 649, 650, 653, 656, 659, 664, 675, 678, 681, 686, 688, 689, 690, 691, 692, 693, 694, 695, 696, 697, 698], "excluded_lines": [701, 702]}}}, "src/cbh_retrieval/uncertainty_quantification.py": {"executed_lines": [], "summary": {"covered_lines": 0, "num_statements": 219, "percent_covered": 0.0, "percent_covered_display": "0.00", "missing_lines": 219, "excluded_lines": 2}, "missing_lines": [18, 19, 20, 21, 22, 23, 25, 26, 27, 28, 29, 30, 31, 33, 36, 37, 39, 43, 44, 47, 48, 51, 52, 54, 55, 56, 57, 65, 70, 77, 78, 79, 80, 83, 84, 85, 87, 88, 90, 91, 92, 93, 95, 99, 100, 101, 103, 104, 106, 107, 108, 110, 112, 114, 115, 116, 118, 122, 123, 124, 125, 126, 128, 129, 131, 132, 134, 136, 146, 147, 148, 151, 152, 154, 157, 160, 165, 173, 174, 176, 177, 178, 179, 180, 182, 183, 188, 191, 195, 196, 199, 202, 207, 211, 212, 213, 216, 220, 236, 239, 240, 241, 243, 245, 246, 247, 248, 249, 250, 253, 255, 267, 268, 269, 270, 274, 275, 276, 277, 278, 281, 282, 285, 286, 296, 297, 298, 299, 302, 304, 305, 306, 308, 309, 320, 321, 322, 323, 324, 326, 327, 328, 329, 332, 335, 336, 338, 346, 347, 352, 355, 356, 363, 365, 366, 367, 368, 371, 374, 377, 380, 387, 388, 389, 390, 391, 394, 395, 396, 397, 399, 406, 407, 408, 410, 411, 412, 413, 415, 418, 427, 428, 429, 431, 432, 433, 434, 435, 436, 437, 438, 439, 440, 441, 442, 443, 445, 453, 457, 460, 463, 466, 468, 469, 470, 471, 472, 473, 474, 477, 482, 485, 488, 493, 496, 498, 499, 500, 501], "excluded_lines": [504, 505], "functions": {"UncertaintyAnalyzer.__init__": {"executed_lines": [], "summary": {"covered_lines": 0, "num_statements": 13, "percent_covered": 0.0, "percent_covered_display": "0.00", "missing_lines": 13, "excluded_lines": 0}, "missing_lines": [77, 78, 79, 80, 83, 84, 85, 87, 88, 90, 91, 92, 93], "excluded_lines": []}, "UncertaintyAnalyzer.load_data": {"executed_lines": [], "summary": {"covered_lines": 0, "num_statements": 9, "percent_covered": 0.0, "percent_covered_display": "0.00", "missing_lines": 9, "excluded_lines": 0}, "missing_lines": [99, 100, 101, 103, 104, 106, 107, 108, 110], "excluded_lines": []}, "UncertaintyAnalyzer.load_trained_model": {"executed_lines": [], "summary": {"covered_lines": 0, "num_statements": 14, "percent_covered": 0.0, "percent_covered_display": "0.00", "missing_lines": 14, "excluded_lines": 0}, "missing_lines": [114, 115, 116, 118, 122, 123, 124, 125, 126, 128, 129, 131, 132, 134], "excluded_lines": []}, "UncertaintyAnalyzer.run_uncertainty_quantification": {"executed_lines": [], "summary": {"covered_lines": 0, "num_statements": 30, "percent_covered": 0.0, "percent_covered_display": "0.00", "missing_lines": 30, "excluded_lines": 0}, "missing_lines": [146, 147, 148, 151, 152, 154, 157, 160, 165, 173, 174, 176, 177, 178, 179, 180, 182, 183, 188, 191, 195, 196, 199, 202, 207, 211, 212, 213, 216, 220], "excluded_lines": []}, "UncertaintyAnalyzer.create_visualizations": {"executed_lines": [], "summary": {"covered_lines": 0, "num_statements": 79, "percent_covered": 0.0, "percent_covered_display": "0.00", "missing_lines": 79, "excluded_lines": 0}, "missing_lines": [239, 240, 241, 243, 245, 246, 247, 248, 249, 250, 253, 255, 267, 268, 269, 270, 274, 275, 276, 277, 278, 281, 282, 285, 286, 296, 297, 298, 299, 302, 304, 305, 306, 308, 309, 320, 321, 322, 323, 324, 326, 327, 328, 329, 332, 335, 336, 338, 346, 347, 352, 355, 356, 363, 365, 366, 367, 368, 371, 374, 377, 380, 387, 388, 389, 390, 391, 394, 395, 396, 397, 399, 406, 407, 408, 410, 411, 412, 413], "excluded_lines": []}, "UncertaintyAnalyzer.save_uncertainty_report": {"executed_lines": [], "summary": {"covered_lines": 0, "num_statements": 18, "percent_covered": 0.0, "percent_covered_display": "0.00", "missing_lines": 18, "excluded_lines": 0}, "missing_lines": [418, 427, 428, 429, 431, 432, 433, 434, 435, 436, 437, 438, 439, 440, 441, 442, 443, 445], "excluded_lines": []}, "main": {"executed_lines": [], "summary": {"covered_lines": 0, "num_statements": 21, "percent_covered": 0.0, "percent_covered_display": "0.00", "missing_lines": 21, "excluded_lines": 0}, "missing_lines": [457, 460, 463, 466, 468, 469, 470, 471, 472, 473, 474, 477, 482, 485, 488, 493, 496, 498, 499, 500, 501], "excluded_lines": []}, "": {"executed_lines": [], "summary": {"covered_lines": 0, "num_statements": 35, "percent_covered": 0.0, "percent_covered_display": "0.00", "missing_lines": 35, "excluded_lines": 2}, "missing_lines": [18, 19, 20, 21, 22, 23, 25, 26, 27, 28, 29, 30, 31, 33, 36, 37, 39, 43, 44, 47, 48, 51, 52, 54, 55, 56, 57, 65, 70, 95, 112, 136, 236, 415, 453], "excluded_lines": [504, 505]}}, "classes": {"UncertaintyAnalyzer": {"executed_lines": [], "summary": {"covered_lines": 0, "num_statements": 163, "percent_covered": 0.0, "percent_covered_display": "0.00", "missing_lines": 163, "excluded_lines": 0}, "missing_lines": [77, 78, 79, 80, 83, 84, 85, 87, 88, 90, 91, 92, 93, 99, 100, 101, 103, 104, 106, 107, 108, 110, 114, 115, 116, 118, 122, 123, 124, 125, 126, 128, 129, 131, 132, 134, 146, 147, 148, 151, 152, 154, 157, 160, 165, 173, 174, 176, 177, 178, 179, 180, 182, 183, 188, 191, 195, 196, 199, 202, 207, 211, 212, 213, 216, 220, 239, 240, 241, 243, 245, 246, 247, 248, 249, 250, 253, 255, 267, 268, 269, 270, 274, 275, 276, 277, 278, 281, 282, 285, 286, 296, 297, 298, 299, 302, 304, 305, 306, 308, 309, 320, 321, 322, 323, 324, 326, 327, 328, 329, 332, 335, 336, 338, 346, 347, 352, 355, 356, 363, 365, 366, 367, 368, 371, 374, 377, 380, 387, 388, 389, 390, 391, 394, 395, 396, 397, 399, 406, 407, 408, 410, 411, 412, 413, 418, 427, 428, 429, 431, 432, 433, 434, 435, 436, 437, 438, 439, 440, 441, 442, 443, 445], "excluded_lines": []}, "": {"executed_lines": [], "summary": {"covered_lines": 0, "num_statements": 56, "percent_covered": 0.0, "percent_covered_display": "0.00", "missing_lines": 56, "excluded_lines": 2}, "missing_lines": [18, 19, 20, 21, 22, 23, 25, 26, 27, 28, 29, 30, 31, 33, 36, 37, 39, 43, 44, 47, 48, 51, 52, 54, 55, 56, 57, 65, 70, 95, 112, 136, 236, 415, 453, 457, 460, 463, 466, 468, 469, 470, 471, 472, 473, 474, 477, 482, 485, 488, 493, 496, 498, 499, 500, 501], "excluded_lines": [504, 505]}}}, "src/cbh_retrieval/uncertainty_quantification_tabular.py": {"executed_lines": [], "summary": {"covered_lines": 0, "num_statements": 316, "percent_covered": 0.0, "percent_covered_display": "0.00", "missing_lines": 316, "excluded_lines": 2}, "missing_lines": [15, 16, 17, 18, 19, 21, 22, 23, 24, 25, 26, 27, 28, 29, 30, 32, 35, 36, 38, 39, 40, 41, 44, 47, 48, 49, 52, 53, 55, 56, 59, 62, 63, 64, 65, 66, 69, 70, 72, 86, 88, 89, 90, 92, 94, 95, 98, 99, 105, 106, 107, 108, 109, 110, 112, 113, 116, 117, 119, 120, 121, 123, 124, 126, 128, 130, 132, 133, 134, 135, 136, 138, 140, 141, 143, 146, 147, 159, 162, 163, 175, 178, 179, 191, 193, 195, 197, 199, 200, 201, 204, 205, 208, 210, 212, 214, 215, 216, 217, 220, 223, 228, 233, 243, 245, 248, 249, 252, 255, 258, 259, 260, 262, 265, 268, 269, 270, 271, 274, 275, 276, 278, 291, 293, 294, 295, 298, 301, 306, 307, 308, 309, 310, 311, 313, 314, 315, 317, 319, 320, 321, 322, 323, 324, 327, 328, 337, 339, 341, 343, 344, 345, 348, 349, 350, 351, 354, 355, 358, 359, 360, 361, 362, 363, 364, 365, 366, 367, 369, 372, 373, 374, 377, 378, 381, 382, 383, 384, 385, 387, 389, 390, 392, 408, 410, 411, 412, 414, 415, 418, 419, 422, 425, 428, 431, 433, 435, 437, 438, 439, 440, 443, 444, 445, 446, 447, 449, 452, 453, 454, 459, 468, 469, 470, 475, 476, 478, 479, 484, 485, 487, 489, 490, 491, 492, 495, 496, 498, 499, 501, 502, 503, 504, 506, 509, 517, 520, 521, 532, 533, 534, 535, 536, 537, 538, 540, 541, 542, 543, 545, 547, 548, 549, 551, 552, 554, 557, 560, 564, 565, 566, 567, 570, 571, 581, 582, 585, 586, 588, 590, 591, 592, 596, 599, 600, 607, 610, 611, 612, 617, 618, 619, 622, 623, 630, 631, 632, 635, 636, 638, 639, 640, 641, 643, 645, 646, 647, 648, 651, 654, 657, 660, 663, 666, 668, 669, 670, 671, 672, 675, 676, 677, 680, 681, 682, 683], "excluded_lines": [686, 687], "functions": {"UncertaintyQuantifier.__init__": {"executed_lines": [], "summary": {"covered_lines": 0, "num_statements": 7, "percent_covered": 0.0, "percent_covered_display": "0.00", "missing_lines": 7, "excluded_lines": 0}, "missing_lines": [63, 64, 65, 66, 69, 70, 72], "excluded_lines": []}, "UncertaintyQuantifier.load_data": {"executed_lines": [], "summary": {"covered_lines": 0, "num_statements": 25, "percent_covered": 0.0, "percent_covered_display": "0.00", "missing_lines": 25, "excluded_lines": 0}, "missing_lines": [88, 89, 90, 92, 94, 95, 98, 99, 105, 106, 107, 108, 109, 110, 112, 113, 116, 117, 119, 120, 121, 123, 124, 126, 128], "excluded_lines": []}, "UncertaintyQuantifier.create_stratified_bins": {"executed_lines": [], "summary": {"covered_lines": 0, "num_statements": 5, "percent_covered": 0.0, "percent_covered_display": "0.00", "missing_lines": 5, "excluded_lines": 0}, "missing_lines": [132, 133, 134, 135, 136], "excluded_lines": []}, "UncertaintyQuantifier.train_quantile_models": {"executed_lines": [], "summary": {"covered_lines": 0, "num_statements": 13, "percent_covered": 0.0, "percent_covered_display": "0.00", "missing_lines": 13, "excluded_lines": 0}, "missing_lines": [140, 141, 143, 146, 147, 159, 162, 163, 175, 178, 179, 191, 193], "excluded_lines": []}, "UncertaintyQuantifier.predict_with_uncertainty": {"executed_lines": [], "summary": {"covered_lines": 0, "num_statements": 8, "percent_covered": 0.0, "percent_covered_display": "0.00", "missing_lines": 8, "excluded_lines": 0}, "missing_lines": [197, 199, 200, 201, 204, 205, 208, 210], "excluded_lines": []}, "UncertaintyQuantifier.evaluate_fold": {"executed_lines": [], "summary": {"covered_lines": 0, "num_statements": 9, "percent_covered": 0.0, "percent_covered_display": "0.00", "missing_lines": 9, "excluded_lines": 0}, "missing_lines": [214, 215, 216, 217, 220, 223, 228, 233, 243], "excluded_lines": []}, "UncertaintyQuantifier._compute_uq_metrics": {"executed_lines": [], "summary": {"covered_lines": 0, "num_statements": 17, "percent_covered": 0.0, "percent_covered_display": "0.00", "missing_lines": 17, "excluded_lines": 0}, "missing_lines": [248, 249, 252, 255, 258, 259, 260, 262, 265, 268, 269, 270, 271, 274, 275, 276, 278], "excluded_lines": []}, "UncertaintyQuantifier.run_validation": {"executed_lines": [], "summary": {"covered_lines": 0, "num_statements": 25, "percent_covered": 0.0, "percent_covered_display": "0.00", "missing_lines": 25, "excluded_lines": 0}, "missing_lines": [293, 294, 295, 298, 301, 306, 307, 308, 309, 310, 311, 313, 314, 315, 317, 319, 320, 321, 322, 323, 324, 327, 328, 337, 339], "excluded_lines": []}, "UncertaintyQuantifier._aggregate_metrics": {"executed_lines": [], "summary": {"covered_lines": 0, "num_statements": 34, "percent_covered": 0.0, "percent_covered_display": "0.00", "missing_lines": 34, "excluded_lines": 0}, "missing_lines": [343, 344, 345, 348, 349, 350, 351, 354, 355, 358, 359, 360, 361, 362, 363, 364, 365, 366, 367, 369, 372, 373, 374, 377, 378, 381, 382, 383, 384, 385, 387, 389, 390, 392], "excluded_lines": []}, "UncertaintyQuantifier.generate_visualizations": {"executed_lines": [], "summary": {"covered_lines": 0, "num_statements": 12, "percent_covered": 0.0, "percent_covered_display": "0.00", "missing_lines": 12, "excluded_lines": 0}, "missing_lines": [410, 411, 412, 414, 415, 418, 419, 422, 425, 428, 431, 433], "excluded_lines": []}, "UncertaintyQuantifier._plot_predictions_with_uncertainty": {"executed_lines": [], "summary": {"covered_lines": 0, "num_statements": 23, "percent_covered": 0.0, "percent_covered_display": "0.00", "missing_lines": 23, "excluded_lines": 0}, "missing_lines": [437, 438, 439, 440, 443, 444, 445, 446, 447, 449, 452, 453, 454, 459, 468, 469, 470, 475, 476, 478, 479, 484, 485], "excluded_lines": []}, "UncertaintyQuantifier._plot_calibration": {"executed_lines": [], "summary": {"covered_lines": 0, "num_statements": 28, "percent_covered": 0.0, "percent_covered_display": "0.00", "missing_lines": 28, "excluded_lines": 0}, "missing_lines": [489, 490, 491, 492, 495, 496, 498, 499, 501, 502, 503, 504, 506, 509, 517, 520, 521, 532, 533, 534, 535, 536, 537, 538, 540, 541, 542, 543], "excluded_lines": []}, "UncertaintyQuantifier._plot_uncertainty_vs_error": {"executed_lines": [], "summary": {"covered_lines": 0, "num_statements": 18, "percent_covered": 0.0, "percent_covered_display": "0.00", "missing_lines": 18, "excluded_lines": 0}, "missing_lines": [547, 548, 549, 551, 552, 554, 557, 560, 564, 565, 566, 567, 570, 571, 581, 582, 585, 586], "excluded_lines": []}, "UncertaintyQuantifier._plot_fold_uq_metrics": {"executed_lines": [], "summary": {"covered_lines": 0, "num_statements": 24, "percent_covered": 0.0, "percent_covered_display": "0.00", "missing_lines": 24, "excluded_lines": 0}, "missing_lines": [590, 591, 592, 596, 599, 600, 607, 610, 611, 612, 617, 618, 619, 622, 623, 630, 631, 632, 635, 636, 638, 639, 640, 641], "excluded_lines": []}, "UncertaintyQuantifier.save_report": {"executed_lines": [], "summary": {"covered_lines": 0, "num_statements": 4, "percent_covered": 0.0, "percent_covered_display": "0.00", "missing_lines": 4, "excluded_lines": 0}, "missing_lines": [645, 646, 647, 648], "excluded_lines": []}, "main": {"executed_lines": [], "summary": {"covered_lines": 0, "num_statements": 17, "percent_covered": 0.0, "percent_covered_display": "0.00", "missing_lines": 17, "excluded_lines": 0}, "missing_lines": [654, 657, 660, 663, 666, 668, 669, 670, 671, 672, 675, 676, 677, 680, 681, 682, 683], "excluded_lines": []}, "": {"executed_lines": [], "summary": {"covered_lines": 0, "num_statements": 47, "percent_covered": 0.0, "percent_covered_display": "0.00", "missing_lines": 47, "excluded_lines": 2}, "missing_lines": [15, 16, 17, 18, 19, 21, 22, 23, 24, 25, 26, 27, 28, 29, 30, 32, 35, 36, 38, 39, 40, 41, 44, 47, 48, 49, 52, 53, 55, 56, 59, 62, 86, 130, 138, 195, 212, 245, 291, 341, 408, 435, 487, 545, 588, 643, 651], "excluded_lines": [686, 687]}}, "classes": {"UncertaintyQuantifier": {"executed_lines": [], "summary": {"covered_lines": 0, "num_statements": 252, "percent_covered": 0.0, "percent_covered_display": "0.00", "missing_lines": 252, "excluded_lines": 0}, "missing_lines": [63, 64, 65, 66, 69, 70, 72, 88, 89, 90, 92, 94, 95, 98, 99, 105, 106, 107, 108, 109, 110, 112, 113, 116, 117, 119, 120, 121, 123, 124, 126, 128, 132, 133, 134, 135, 136, 140, 141, 143, 146, 147, 159, 162, 163, 175, 178, 179, 191, 193, 197, 199, 200, 201, 204, 205, 208, 210, 214, 215, 216, 217, 220, 223, 228, 233, 243, 248, 249, 252, 255, 258, 259, 260, 262, 265, 268, 269, 270, 271, 274, 275, 276, 278, 293, 294, 295, 298, 301, 306, 307, 308, 309, 310, 311, 313, 314, 315, 317, 319, 320, 321, 322, 323, 324, 327, 328, 337, 339, 343, 344, 345, 348, 349, 350, 351, 354, 355, 358, 359, 360, 361, 362, 363, 364, 365, 366, 367, 369, 372, 373, 374, 377, 378, 381, 382, 383, 384, 385, 387, 389, 390, 392, 410, 411, 412, 414, 415, 418, 419, 422, 425, 428, 431, 433, 437, 438, 439, 440, 443, 444, 445, 446, 447, 449, 452, 453, 454, 459, 468, 469, 470, 475, 476, 478, 479, 484, 485, 489, 490, 491, 492, 495, 496, 498, 499, 501, 502, 503, 504, 506, 509, 517, 520, 521, 532, 533, 534, 535, 536, 537, 538, 540, 541, 542, 543, 547, 548, 549, 551, 552, 554, 557, 560, 564, 565, 566, 567, 570, 571, 581, 582, 585, 586, 590, 591, 592, 596, 599, 600, 607, 610, 611, 612, 617, 618, 619, 622, 623, 630, 631, 632, 635, 636, 638, 639, 640, 641, 645, 646, 647, 648], "excluded_lines": []}, "": {"executed_lines": [], "summary": {"covered_lines": 0, "num_statements": 64, "percent_covered": 0.0, "percent_covered_display": "0.00", "missing_lines": 64, "excluded_lines": 2}, "missing_lines": [15, 16, 17, 18, 19, 21, 22, 23, 24, 25, 26, 27, 28, 29, 30, 32, 35, 36, 38, 39, 40, 41, 44, 47, 48, 49, 52, 53, 55, 56, 59, 62, 86, 130, 138, 195, 212, 245, 291, 341, 408, 435, 487, 545, 588, 643, 651, 654, 657, 660, 663, 666, 668, 669, 670, 671, 672, 675, 676, 677, 680, 681, 682, 683], "excluded_lines": [686, 687]}}}}, "totals": {"covered_lines": 0, "num_statements": 5485, "percent_covered": 0.0, "percent_covered_display": "0.00", "missing_lines": 5485, "excluded_lines": 36}}